[2016.03.03-01.47.27:455][  0]Log file open, 03/03/16 12:47:27
[2016.03.03-01.47.27:455][  0]LogInit:Display: Running engine for game: Swap
[2016.03.03-01.47.27:455][  0]LogPlatformFile: Not using cached read wrapper
[2016.03.03-01.47.27:455][  0]LogInit:Display: RandInit(-814351541) SRandInit(-814351540).
[2016.03.03-01.47.27:455][  0]LogTaskGraph: Started task graph with 4 named threads and 7 total threads.
[2016.03.03-01.47.27:455][  0]LogStats: Stats thread started at 0.059781
[2016.03.03-01.47.27:455][  0]LogInit: Version: 4.10.2-2818068+++depot+UE4-Releases+4.10
[2016.03.03-01.47.27:455][  0]LogInit: API Version: 2758231
[2016.03.03-01.47.27:455][  0]LogInit: Compiled (64-bit): Jan  6 2016 17:36:42
[2016.03.03-01.47.27:455][  0]LogInit: Compiled with Visual C++: 19.00.23026.00
[2016.03.03-01.47.27:455][  0]LogInit: Build Configuration: Development
[2016.03.03-01.47.27:455][  0]LogInit: Branch Name: ++depot+UE4-Releases+4.10
[2016.03.03-01.47.27:455][  0]LogInit: Command line:  
[2016.03.03-01.47.27:455][  0]LogInit: Base directory: C:/Program Files (x86)/Epic Games/4.10/Engine/Binaries/Win64/
[2016.03.03-01.47.27:455][  0]LogInit: Rocket: 1
[2016.03.03-01.47.27:459][  0]LogInit: Using libcurl 7.41.0
[2016.03.03-01.47.27:459][  0]LogInit:  - built for x86_64-pc-win32
[2016.03.03-01.47.27:459][  0]LogInit:  - supports SSL with WinSSL
[2016.03.03-01.47.27:459][  0]LogInit:  - other features:
[2016.03.03-01.47.27:459][  0]LogInit:      CURL_VERSION_SSL
[2016.03.03-01.47.27:459][  0]LogInit:      CURL_VERSION_IPV6
[2016.03.03-01.47.27:459][  0]LogInit:      CURL_VERSION_ASYNCHDNS
[2016.03.03-01.47.27:459][  0]LogInit:      CURL_VERSION_LARGEFILE
[2016.03.03-01.47.27:459][  0]LogInit:      CURL_VERSION_IDN
[2016.03.03-01.47.27:459][  0]LogInit:  CurlRequestOptions (configurable via config and command line):
[2016.03.03-01.47.27:459][  0]LogInit:  - bVerifyPeer = true  - Libcurl will verify peer certificate
[2016.03.03-01.47.27:459][  0]LogInit:  - bUseHttpProxy = false  - Libcurl will NOT use HTTP proxy
[2016.03.03-01.47.27:459][  0]LogInit:  - bDontReuseConnections = false  - Libcurl will reuse connections
[2016.03.03-01.47.27:459][  0]LogInit:  - CertBundlePath = nullptr  - Libcurl will use whatever was configured at build time.
[2016.03.03-01.47.27:463][  0]LogInit: Presizing for 0 objects not considered by GC, pre-allocating 0 bytes.
[2016.03.03-01.47.27:469][  0]LogInit: Object subsystem initialized
[2016.03.03-01.47.27:470][  0]LogInit: Selected Device Profile: [Windows]
[2016.03.03-01.47.27:470][  0]LogInit: Applying CVar settings loaded from the selected device profile: [Windows]
[2016.03.03-01.47.27:475][  0]LogInit: Computer: HARST-D2A9E8
[2016.03.03-01.47.27:475][  0]LogInit: User: jackcarolan
[2016.03.03-01.47.27:475][  0]LogInit: CPU Page size=4096, Cores=4
[2016.03.03-01.47.27:475][  0]LogInit: High frequency timer resolution =3.323642 MHz
[2016.03.03-01.47.27:475][  0]LogMemory: Memory total: Physical=16.0GB (16GB approx)
[2016.03.03-01.47.27:475][  0]LogMemory: Platform Memory Stats for Windows
[2016.03.03-01.47.27:475][  0]LogMemory: Process Physical Memory: 57.12 MB used, 57.12 MB peak
[2016.03.03-01.47.27:475][  0]LogMemory: Process Virtual Memory: 58.57 MB used, 58.57 MB peak
[2016.03.03-01.47.27:475][  0]LogMemory: Physical Memory: 2572.54 MB used, 16343.18 MB total
[2016.03.03-01.47.27:475][  0]LogMemory: Virtual Memory: 352.91 MB used, 8388608.00 MB total
[2016.03.03-01.47.27:501][  0]LogTextLocalizationManager: No specific translations for ('en-US') exist, so ('en') translations will be used.
[2016.03.03-01.47.27:834][  0]LogD3D11RHI: Found D3D11 adapter 0: NVIDIA GeForce GTX 660 Ti (Feature Level 11_0)
[2016.03.03-01.47.27:834][  0]LogD3D11RHI: Adapter has 1989MB of dedicated video memory, 0MB of dedicated system memory, and 2048MB of shared system memory, 2 output[s]
[2016.03.03-01.47.27:834][  0]LogD3D11RHI: Chosen D3D11 Adapter Id = 0
[2016.03.03-01.47.27:837][  0]LogD3D11RHI: !Direct3DDevice
[2016.03.03-01.47.27:837][  0]LogRHI: Texture pool is 1361 MB (70% of 1945 MB)
[2016.03.03-01.47.27:844][  0]LogD3D11RHI: Async texture creation enabled
[2016.03.03-01.47.27:858][  0]LogShaderCompilers: Guid format shader working directory is -50 characters bigger than the processId version (../../../../../../Users/jack.carolan/Desktop/GitSanityCheck/SanityCheckRepos/UE4 Prototypes/Swap/Swap/Intermediate/Shaders/WorkingDirectory/4988/).
[2016.03.03-01.47.27:858][  0]LogShaderCompilers: Cleaned the shader compiler working directory 'C:/Users/JACK~1.CAR/AppData/Local/Temp/UnrealShaderWorkingDir/1A9559374EDF0979279350A21FD4CF97/'.
[2016.03.03-01.47.27:858][  0]LogShaderCompilers:Display: Using Local Shader Compiler.
[2016.03.03-01.47.28:454][  0]LogTemp:Display: Loaded TP AllDesktopTargetPlatform
[2016.03.03-01.47.28:457][  0]LogTemp:Display: Loaded TP WindowsClientTargetPlatform
[2016.03.03-01.47.28:460][  0]LogTemp:Display: Loaded TP WindowsNoEditorTargetPlatform
[2016.03.03-01.47.28:463][  0]LogTemp:Display: Loaded TP WindowsServerTargetPlatform
[2016.03.03-01.47.28:465][  0]LogTemp:Display: Loaded TP WindowsTargetPlatform
[2016.03.03-01.47.28:467][  0]LogTemp:Display: Loaded TP AndroidTargetPlatform
[2016.03.03-01.47.28:469][  0]LogTemp:Display: Loaded TP Android_ASTCTargetPlatform
[2016.03.03-01.47.28:471][  0]LogTemp:Display: Loaded TP Android_ATCTargetPlatform
[2016.03.03-01.47.28:473][  0]LogTemp:Display: Loaded TP Android_DXTTargetPlatform
[2016.03.03-01.47.28:475][  0]LogTemp:Display: Loaded TP Android_ETC1TargetPlatform
[2016.03.03-01.47.28:477][  0]LogTemp:Display: Loaded TP Android_ETC2TargetPlatform
[2016.03.03-01.47.28:481][  0]LogTemp:Display: Loaded TP Android_MultiTargetPlatform
[2016.03.03-01.47.28:481][  0]LogTemp:Display: Loaded TP Android_PVRTCTargetPlatform
[2016.03.03-01.47.28:481][  0]LogTemp:Display: Loaded TP HTML5TargetPlatform
[2016.03.03-01.47.28:495][  0]LogTemp:Display: Loaded TP IOSTargetPlatform
[2016.03.03-01.47.28:497][  0]LogTemp:Display: Loaded TP LinuxNoEditorTargetPlatform
[2016.03.03-01.47.28:499][  0]LogTemp:Display: Loaded TP LinuxServerTargetPlatform
[2016.03.03-01.47.28:501][  0]LogTemp:Display: Loaded TP LinuxTargetPlatform
[2016.03.03-01.47.28:501][  0]LogTargetPlatformManager:Display: Building Assets For Windows
[2016.03.03-01.47.28:545][  0]LogDerivedDataCache:Display: Max Cache Size: 512 MB
[2016.03.03-01.47.28:577][  0]LogDerivedDataCache: Loaded boot cache 0.03s 41MB C:/Users/jack.carolan/AppData/Local/UnrealEngine/4.10/DerivedDataCache/Boot.ddc.
[2016.03.03-01.47.28:577][  0]LogDerivedDataCache:Display: Loaded Boot cache: C:/Users/jack.carolan/AppData/Local/UnrealEngine/4.10/DerivedDataCache/Boot.ddc
[2016.03.03-01.47.28:577][  0]LogDerivedDataCache: FDerivedDataBackendGraph:  Pak pak cache file ../../../../../../Users/jack.carolan/Desktop/GitSanityCheck/SanityCheckRepos/UE4 Prototypes/Swap/Swap/DerivedDataCache/DDC.ddp not found, will not use a pak cache.
[2016.03.03-01.47.28:577][  0]LogDerivedDataCache: Unable to find inner node Pak for hierarchical cache Hierarchy.
[2016.03.03-01.47.28:577][  0]LogDerivedDataCache: FDerivedDataBackendGraph:  CompressedPak pak cache file ../../../../../../Users/jack.carolan/Desktop/GitSanityCheck/SanityCheckRepos/UE4 Prototypes/Swap/Swap/DerivedDataCache/Compressed.ddp not found, will not use a pak cache.
[2016.03.03-01.47.28:577][  0]LogDerivedDataCache: Unable to find inner node CompressedPak for hierarchical cache Hierarchy.
[2016.03.03-01.47.28:624][  0]LogDerivedDataCache:Display: Pak cache opened for reading ../../../Engine/DerivedDataCache/Compressed.ddp.
[2016.03.03-01.47.28:635][  0]LogDerivedDataCache: Using Local data cache path C:/Users/jack.carolan/AppData/Local/UnrealEngine/Common/DerivedDataCache: Writable
[2016.03.03-01.47.28:767][  0]LogInit: Selected Device Profile: [Windows]
[2016.03.03-01.47.28:767][  0]LogContentStreaming: Texture pool size is 0.000000MB
[2016.03.03-01.47.28:793][  0]LogMeshUtilities: No automatic mesh reduction module available
[2016.03.03-01.47.28:793][  0]LogMeshUtilities: No automatic mesh merging module available
[2016.03.03-01.47.29:037][  0]LogInit: WinSock: version 1.1 (2.2), MaxSocks=32767, MaxUdp=65467
[2016.03.03-01.47.29:550][  0]UdpMessaging: Initializing bridge on interface 0.0.0.0:0 to multicast group 230.0.0.1:6666.
[2016.03.03-01.47.29:653][  0]LogAssetRegistry: FAssetRegistry took 0.0105 seconds to start up
[2016.03.03-01.47.29:766][  0]SourceControl: Info Source control is disabled
[2016.03.03-01.47.30:162][  0]LogObj: 28634 objects as part of root set at end of initial load.
[2016.03.03-01.47.30:162][  0]LogUObjectAllocator: 6099904 out of 0 bytes used by permanent object pool.
[2016.03.03-01.47.30:207][  0]LogEngine: Initializing Engine...
[2016.03.03-01.47.30:208][  0]LogHMD: Can't find Oculus library dev build: is proper Runtime installed? Version: 0.8.0.0
[2016.03.03-01.47.30:208][  0]LogHMD: SteamVR failed to initialize.  Err: 110
[2016.03.03-01.47.30:307][  0]LogAIModule: Creating AISystem for world NewWorld
[2016.03.03-01.47.30:311][  0]LogInit: XAudio2 using 'Speakers (High Definition Audio Device)' : 2 channels at 44.1 kHz using 16 bits per sample (channel mask 0x3)
[2016.03.03-01.47.30:323][  0]LogInit: FAudioDevice initialized.
[2016.03.03-01.47.30:340][  0]LogDerivedDataCache: Saved boot cache 0.02s 41MB C:/Users/jack.carolan/AppData/Local/UnrealEngine/4.10/DerivedDataCache/Boot.ddc.
[2016.03.03-01.47.30:342][  0]LogInit: Texture streaming: Enabled
[2016.03.03-01.47.30:345][  0]LogAnalytics: Creating configured Analytics provider AnalyticsET
[2016.03.03-01.47.30:345][  0]LogAnalytics: [UEEditor.Rocket.Release] APIServer = http://et2.epicgames.com/ET2/. AppVersion = 4.10.2-2818068+++depot+UE4-Releases+4.10
[2016.03.03-01.47.30:345][  0]LogAnalytics: [UEEditor.Rocket.Release] SetUserId 46cfea764061f1b9c41e02b8bd51e989|aeaa3af4045243359e0d8c4eedc51930|83405bc8-af7b-4bc6-aae5-6e4514ef7c9f
[2016.03.03-01.47.30:345][  0]LogAnalytics: [UEEditor.Rocket.Release] AnalyticsET::StartSession
[2016.03.03-01.47.30:349][  0]LogInit: Transaction tracking system initialized
[2016.03.03-01.47.30:362][  0]BlueprintLog: New page: Editor Load
[2016.03.03-01.47.30:403][  0]LocalizationService: Info Localization service is disabled
[2016.03.03-01.47.30:446][  0]LogConsoleResponse:Display: 
[2016.03.03-01.47.30:530][  0]LogCook:Display: Done creating registry. It took  0.00s.
[2016.03.03-01.47.30:630][  0]LogFileCache: Scanning file cache for directory 'C:/Users/jack.carolan/Desktop/GitSanityCheck/SanityCheckRepos/UE4 Prototypes/Swap/Swap/Content/' took 0.01s
[2016.03.03-01.47.30:630][  0]Cmd: MAP LOAD FILE="../../../../../../Users/jack.carolan/Desktop/GitSanityCheck/SanityCheckRepos/UE4 Prototypes/Swap/Swap/Content/Maps/swapMap.umap" TEMPLATE=0 SHOWPROGRESS=1 FEATURELEVEL=3
[2016.03.03-01.47.30:630][  0]LightingResults: New page: Lighting Build
[2016.03.03-01.47.30:632][  0]MapCheck: New page: Map Check
[2016.03.03-01.47.30:632][  0]LightingResults: New page: Lighting Build
[2016.03.03-01.47.30:639][  0]LogParticles: Destroying 0 GPU particle simulations for FXSystem 0x00000000254C6AC0
[2016.03.03-01.47.31:706][  0]LogAIModule: Creating AISystem for world swapMap
[2016.03.03-01.47.31:712][  0]LogScript:Warning: Accessed None 'Playervar'
	ThirdPerson_AnimBP_C /Game/Maps/swapMap.swapMap:PersistentLevel.Enemy_C_0.CharacterMesh0.ThirdPerson_AnimBP_C_0
	Function /Game/Mannequin/Animations/ThirdPerson_AnimBP.ThirdPerson_AnimBP_C:ExecuteUbergraph_ThirdPerson_AnimBP:07A9
[2016.03.03-01.47.31:712][  0]LogScript:Warning: Accessed None 'Playervar'
	ThirdPerson_AnimBP_C /Game/Maps/swapMap.swapMap:PersistentLevel.Enemy_C_0.CharacterMesh0.ThirdPerson_AnimBP_C_0
	Function /Game/Mannequin/Animations/ThirdPerson_AnimBP.ThirdPerson_AnimBP_C:ExecuteUbergraph_ThirdPerson_AnimBP:07C8
[2016.03.03-01.47.31:712][  0]LogScript:Warning: Accessed None 'Playervar'
	ThirdPerson_AnimBP_C /Game/Maps/swapMap.swapMap:PersistentLevel.Enemy_C_0.CharacterMesh0.ThirdPerson_AnimBP_C_0
	Function /Game/Mannequin/Animations/ThirdPerson_AnimBP.ThirdPerson_AnimBP_C:ExecuteUbergraph_ThirdPerson_AnimBP:0804
[2016.03.03-01.47.31:712][  0]LogScript:Warning: Accessed None 'Playervar'
	ThirdPerson_AnimBP_C /Game/Maps/swapMap.swapMap:PersistentLevel.Enemy_C_0.CharacterMesh0.ThirdPerson_AnimBP_C_0
	Function /Game/Mannequin/Animations/ThirdPerson_AnimBP.ThirdPerson_AnimBP_C:ExecuteUbergraph_ThirdPerson_AnimBP:0732
[2016.03.03-01.47.31:712][  0]LogScript:Warning: Accessed None 'Playervar'
	ThirdPerson_AnimBP_C /Game/Maps/swapMap.swapMap:PersistentLevel.Enemy_C_0.CharacterMesh0.ThirdPerson_AnimBP_C_0
	Function /Game/Mannequin/Animations/ThirdPerson_AnimBP.ThirdPerson_AnimBP_C:ExecuteUbergraph_ThirdPerson_AnimBP:0751
[2016.03.03-01.47.31:727][  0]LogEditorServer: Finished looking for orphan Actors (0.000 secs)
[2016.03.03-01.47.31:728][  0]Cmd: MAP CHECKDEP NOCLEARLOG
[2016.03.03-01.47.31:763][  0]MapCheck: Info Map check complete: 0 Error(s), 0 Warning(s), took 34.747ms to complete.
[2016.03.03-01.47.31:763][  0]LogFileHelpers: Loading map 'swapMap' took 1.133
[2016.03.03-01.47.31:892][  0]LogCollectionManager: Loaded 0 collections in 0.001270 seconds
[2016.03.03-01.47.31:929][  0]LogFileCache: Scanning file cache for directory 'C:/Users/jack.carolan/Desktop/GitSanityCheck/SanityCheckRepos/UE4 Prototypes/Swap/Swap/Saved/Collections/' took 0.01s
[2016.03.03-01.47.31:929][  0]LogFileCache: Scanning file cache for directory 'C:/Users/jack.carolan/Desktop/GitSanityCheck/SanityCheckRepos/UE4 Prototypes/Swap/Swap/Content/Developers/jackcarolan/Collections/' took 0.01s
[2016.03.03-01.47.31:929][  0]LogFileCache: Scanning file cache for directory 'C:/Users/jack.carolan/Desktop/GitSanityCheck/SanityCheckRepos/UE4 Prototypes/Swap/Swap/Content/Collections/' took 0.01s
[2016.03.03-01.47.31:929][  0]LogCollectionManager: Rebuilt the GUID cache for 0 collections in 0.000002 seconds
[2016.03.03-01.47.31:936][  0]LogContentBrowser: Native class hierarchy populated in 0.0064 seconds. Added 1893 classes and 338 folders.
[2016.03.03-01.47.31:939][  0]LogContentBrowser: Native class hierarchy updated for 'WidgetCarousel' in 0.0003 seconds. Added 0 classes and 0 folders.
[2016.03.03-01.47.31:971][  0]LogContentBrowser: Native class hierarchy updated for 'AddContentDialog' in 0.0003 seconds. Added 0 classes and 0 folders.
[2016.03.03-01.47.31:973][  0]LogContentBrowser: Native class hierarchy updated for 'SceneOutliner' in 0.0002 seconds. Added 1 classes and 2 folders.
[2016.03.03-01.47.32:018][  0]LogCrashTracker: Crashtracker disabled due to settings.
[2016.03.03-01.47.32:021][  0]LogUObjectGlobals:Warning: Failed to find object 'Class None.'
[2016.03.03-01.47.32:042][  0]LogLoad: Full Startup: 4.87 seconds (BP compile: 0.34 seconds)
[2016.03.03-01.47.32:052][  0]LogOcInput: Can't find Oculus library dev build: is proper Runtime installed? Version: 0.8.0.0
[2016.03.03-01.47.32:091][  0]SourceControl: Info On branch Features
[2016.03.03-01.47.32:091][  0]SourceControl: Info Your branch is up-to-date with 'origin/Features'.
[2016.03.03-01.47.32:091][  0]SourceControl: Info Changes not staged for commit:
[2016.03.03-01.47.32:091][  0]SourceControl: Info   (use "git add <file>..." to update what will be committed)
[2016.03.03-01.47.32:091][  0]SourceControl: Info   (use "git checkout -- <file>..." to discard changes in working directory)
[2016.03.03-01.47.32:091][  0]SourceControl: Info 	modified:   UE4 Prototypes/Swap/Swap/Intermediate/CachedAssetRegistry.bin
[2016.03.03-01.47.32:091][  0]SourceControl: Info 	modified:   UE4 Prototypes/Swap/Swap/Intermediate/Config/CoalescedSourceConfigs/Engine.ini
[2016.03.03-01.47.32:091][  0]SourceControl: Info 	modified:   UE4 Prototypes/Swap/Swap/Intermediate/Config/CoalescedSourceConfigs/Game.ini
[2016.03.03-01.47.32:091][  0]SourceControl: Info 	modified:   UE4 Prototypes/Swap/Swap/Saved/Config/Windows/Editor.ini
[2016.03.03-01.47.32:091][  0]SourceControl: Info 	modified:   UE4 Prototypes/Swap/Swap/Saved/Config/Windows/Engine.ini
[2016.03.03-01.47.32:091][  0]SourceControl: Info 	modified:   UE4 Prototypes/Swap/Swap/Saved/Logs/Swap.log
[2016.03.03-01.47.32:091][  0]SourceControl: Info Untracked files:
[2016.03.03-01.47.32:091][  0]SourceControl: Info   (use "git add <file>..." to include in what will be committed)
[2016.03.03-01.47.32:091][  0]SourceControl: Info 	UE4 Prototypes/Swap/Swap/Saved/Logs/Swap-backup-2016.03.03-12.47.27.log
[2016.03.03-01.47.32:091][  0]SourceControl: Info no changes added to commit (use "git add" and/or "git commit -a")
[2016.03.03-01.47.32:091][  0]LogContentStreaming: Texture pool size now 1000 MB
[2016.03.03-01.47.32:218][  0]LogRenderer: Reallocating scene render targets to support 1208x552 (Frame:2).
[2016.03.03-01.47.32:261][  1]LogScript:Warning: Accessed None 'Playervar'
	ThirdPerson_AnimBP_C /Engine/Transient.CharacterMesh0:ThirdPerson_AnimBP_C_1
	Function /Game/Mannequin/Animations/ThirdPerson_AnimBP.ThirdPerson_AnimBP_C:ExecuteUbergraph_ThirdPerson_AnimBP:07A9
[2016.03.03-01.47.32:261][  1]LogScript:Warning: Accessed None 'Playervar'
	ThirdPerson_AnimBP_C /Engine/Transient.CharacterMesh0:ThirdPerson_AnimBP_C_1
	Function /Game/Mannequin/Animations/ThirdPerson_AnimBP.ThirdPerson_AnimBP_C:ExecuteUbergraph_ThirdPerson_AnimBP:07C8
[2016.03.03-01.47.32:261][  1]LogScript:Warning: Accessed None 'Playervar'
	ThirdPerson_AnimBP_C /Engine/Transient.CharacterMesh0:ThirdPerson_AnimBP_C_1
	Function /Game/Mannequin/Animations/ThirdPerson_AnimBP.ThirdPerson_AnimBP_C:ExecuteUbergraph_ThirdPerson_AnimBP:0804
[2016.03.03-01.47.32:261][  1]LogScript:Warning: Accessed None 'Playervar'
	ThirdPerson_AnimBP_C /Engine/Transient.CharacterMesh0:ThirdPerson_AnimBP_C_1
	Function /Game/Mannequin/Animations/ThirdPerson_AnimBP.ThirdPerson_AnimBP_C:ExecuteUbergraph_ThirdPerson_AnimBP:0732
[2016.03.03-01.47.32:261][  1]LogScript:Warning: Accessed None 'Playervar'
	ThirdPerson_AnimBP_C /Engine/Transient.CharacterMesh0:ThirdPerson_AnimBP_C_1
	Function /Game/Mannequin/Animations/ThirdPerson_AnimBP.ThirdPerson_AnimBP_C:ExecuteUbergraph_ThirdPerson_AnimBP:0751
[2016.03.03-01.47.32:261][  1]LogScript:Warning: Accessed None 'Playervar'
	ThirdPerson_AnimBP_C /Engine/Transient.CharacterMesh0:ThirdPerson_AnimBP_C_1
	Function /Game/Mannequin/Animations/ThirdPerson_AnimBP.ThirdPerson_AnimBP_C:ExecuteUbergraph_ThirdPerson_AnimBP:07A9
[2016.03.03-01.47.32:261][  1]LogScript:Warning: Accessed None 'Playervar'
	ThirdPerson_AnimBP_C /Engine/Transient.CharacterMesh0:ThirdPerson_AnimBP_C_1
	Function /Game/Mannequin/Animations/ThirdPerson_AnimBP.ThirdPerson_AnimBP_C:ExecuteUbergraph_ThirdPerson_AnimBP:07C8
[2016.03.03-01.47.32:261][  1]LogScript:Warning: Accessed None 'Playervar'
	ThirdPerson_AnimBP_C /Engine/Transient.CharacterMesh0:ThirdPerson_AnimBP_C_1
	Function /Game/Mannequin/Animations/ThirdPerson_AnimBP.ThirdPerson_AnimBP_C:ExecuteUbergraph_ThirdPerson_AnimBP:0804
[2016.03.03-01.47.32:261][  1]LogScript:Warning: Accessed None 'Playervar'
	ThirdPerson_AnimBP_C /Engine/Transient.CharacterMesh0:ThirdPerson_AnimBP_C_1
	Function /Game/Mannequin/Animations/ThirdPerson_AnimBP.ThirdPerson_AnimBP_C:ExecuteUbergraph_ThirdPerson_AnimBP:0732
[2016.03.03-01.47.32:261][  1]LogScript:Warning: Accessed None 'Playervar'
	ThirdPerson_AnimBP_C /Engine/Transient.CharacterMesh0:ThirdPerson_AnimBP_C_1
	Function /Game/Mannequin/Animations/ThirdPerson_AnimBP.ThirdPerson_AnimBP_C:ExecuteUbergraph_ThirdPerson_AnimBP:0751
[2016.03.03-01.47.32:263][  1]LogScript:Warning: Accessed None 'Playervar'
	ThirdPerson_AnimBP_C /Engine/Transient.SkeletalMeshComponent_0:ThirdPerson_AnimBP_C_2
	Function /Game/Mannequin/Animations/ThirdPerson_AnimBP.ThirdPerson_AnimBP_C:ExecuteUbergraph_ThirdPerson_AnimBP:07A9
[2016.03.03-01.47.32:263][  1]LogScript:Warning: Accessed None 'Playervar'
	ThirdPerson_AnimBP_C /Engine/Transient.SkeletalMeshComponent_0:ThirdPerson_AnimBP_C_2
	Function /Game/Mannequin/Animations/ThirdPerson_AnimBP.ThirdPerson_AnimBP_C:ExecuteUbergraph_ThirdPerson_AnimBP:07C8
[2016.03.03-01.47.32:263][  1]LogScript:Warning: Accessed None 'Playervar'
	ThirdPerson_AnimBP_C /Engine/Transient.SkeletalMeshComponent_0:ThirdPerson_AnimBP_C_2
	Function /Game/Mannequin/Animations/ThirdPerson_AnimBP.ThirdPerson_AnimBP_C:ExecuteUbergraph_ThirdPerson_AnimBP:0804
[2016.03.03-01.47.32:263][  1]LogScript:Warning: Accessed None 'Playervar'
	ThirdPerson_AnimBP_C /Engine/Transient.SkeletalMeshComponent_0:ThirdPerson_AnimBP_C_2
	Function /Game/Mannequin/Animations/ThirdPerson_AnimBP.ThirdPerson_AnimBP_C:ExecuteUbergraph_ThirdPerson_AnimBP:0732
[2016.03.03-01.47.32:263][  1]LogScript:Warning: Accessed None 'Playervar'
	ThirdPerson_AnimBP_C /Engine/Transient.SkeletalMeshComponent_0:ThirdPerson_AnimBP_C_2
	Function /Game/Mannequin/Animations/ThirdPerson_AnimBP.ThirdPerson_AnimBP_C:ExecuteUbergraph_ThirdPerson_AnimBP:0751
[2016.03.03-01.47.32:263][  1]LogScript:Warning: Accessed None 'Playervar'
	ThirdPerson_AnimBP_C /Engine/Transient.SkeletalMeshComponent_0:ThirdPerson_AnimBP_C_2
	Function /Game/Mannequin/Animations/ThirdPerson_AnimBP.ThirdPerson_AnimBP_C:ExecuteUbergraph_ThirdPerson_AnimBP:07A9
[2016.03.03-01.47.32:263][  1]LogScript:Warning: Accessed None 'Playervar'
	ThirdPerson_AnimBP_C /Engine/Transient.SkeletalMeshComponent_0:ThirdPerson_AnimBP_C_2
	Function /Game/Mannequin/Animations/ThirdPerson_AnimBP.ThirdPerson_AnimBP_C:ExecuteUbergraph_ThirdPerson_AnimBP:07C8
[2016.03.03-01.47.32:263][  1]LogScript:Warning: Accessed None 'Playervar'
	ThirdPerson_AnimBP_C /Engine/Transient.SkeletalMeshComponent_0:ThirdPerson_AnimBP_C_2
	Function /Game/Mannequin/Animations/ThirdPerson_AnimBP.ThirdPerson_AnimBP_C:ExecuteUbergraph_ThirdPerson_AnimBP:0804
[2016.03.03-01.47.32:263][  1]LogScript:Warning: Accessed None 'Playervar'
	ThirdPerson_AnimBP_C /Engine/Transient.SkeletalMeshComponent_0:ThirdPerson_AnimBP_C_2
	Function /Game/Mannequin/Animations/ThirdPerson_AnimBP.ThirdPerson_AnimBP_C:ExecuteUbergraph_ThirdPerson_AnimBP:0732
[2016.03.03-01.47.32:263][  1]LogScript:Warning: Accessed None 'Playervar'
	ThirdPerson_AnimBP_C /Engine/Transient.SkeletalMeshComponent_0:ThirdPerson_AnimBP_C_2
	Function /Game/Mannequin/Animations/ThirdPerson_AnimBP.ThirdPerson_AnimBP_C:ExecuteUbergraph_ThirdPerson_AnimBP:0751
[2016.03.03-01.47.32:488][  6]LogAssetRegistry: Asset discovery search completed in 2.8455 seconds
[2016.03.03-01.47.32:488][  6]LogCollectionManager: Rebuilt the object cache for 0 collections in 0.000001 seconds (found 0 objects)
[2016.03.03-01.47.32:488][  6]LogCollectionManager: Fixed up redirectors for 0 collections in 0.000017 seconds (updated 0 objects)
[2016.03.03-01.47.44:111][306]LogLinker:Warning: Asset '../../../Engine/Content/ArtTools/RenderToTexture/Macros/RenderToTextureMacros.uasset' has been saved with empty engine version. The asset will be loaded but may be incompatible.
[2016.03.03-01.47.44:444][306]LogContentBrowser: Native class hierarchy updated for 'BlueprintGraph' in 0.0006 seconds. Added 107 classes and 0 folders.
[2016.03.03-01.47.44:769][306]LogScript:Warning: Accessed None 'Playervar'
	ThirdPerson_AnimBP_C /Engine/Transient.World_4:PersistentLevel.Enemy_C_3.CharacterMesh0.ThirdPerson_AnimBP_C_3
	Function /Game/Mannequin/Animations/ThirdPerson_AnimBP.ThirdPerson_AnimBP_C:ExecuteUbergraph_ThirdPerson_AnimBP:07A9
[2016.03.03-01.47.44:769][306]LogScript:Warning: Accessed None 'Playervar'
	ThirdPerson_AnimBP_C /Engine/Transient.World_4:PersistentLevel.Enemy_C_3.CharacterMesh0.ThirdPerson_AnimBP_C_3
	Function /Game/Mannequin/Animations/ThirdPerson_AnimBP.ThirdPerson_AnimBP_C:ExecuteUbergraph_ThirdPerson_AnimBP:07C8
[2016.03.03-01.47.44:769][306]LogScript:Warning: Accessed None 'Playervar'
	ThirdPerson_AnimBP_C /Engine/Transient.World_4:PersistentLevel.Enemy_C_3.CharacterMesh0.ThirdPerson_AnimBP_C_3
	Function /Game/Mannequin/Animations/ThirdPerson_AnimBP.ThirdPerson_AnimBP_C:ExecuteUbergraph_ThirdPerson_AnimBP:0804
[2016.03.03-01.47.44:769][306]LogScript:Warning: Accessed None 'Playervar'
	ThirdPerson_AnimBP_C /Engine/Transient.World_4:PersistentLevel.Enemy_C_3.CharacterMesh0.ThirdPerson_AnimBP_C_3
	Function /Game/Mannequin/Animations/ThirdPerson_AnimBP.ThirdPerson_AnimBP_C:ExecuteUbergraph_ThirdPerson_AnimBP:0732
[2016.03.03-01.47.44:769][306]LogScript:Warning: Accessed None 'Playervar'
	ThirdPerson_AnimBP_C /Engine/Transient.World_4:PersistentLevel.Enemy_C_3.CharacterMesh0.ThirdPerson_AnimBP_C_3
	Function /Game/Mannequin/Animations/ThirdPerson_AnimBP.ThirdPerson_AnimBP_C:ExecuteUbergraph_ThirdPerson_AnimBP:0751
[2016.03.03-01.47.44:770][306]LogScript:Warning: Accessed None 'Playervar'
	ThirdPerson_AnimBP_C /Engine/Transient.World_4:PersistentLevel.Enemy_C_3.CharacterMesh0.ThirdPerson_AnimBP_C_3
	Function /Game/Mannequin/Animations/ThirdPerson_AnimBP.ThirdPerson_AnimBP_C:ExecuteUbergraph_ThirdPerson_AnimBP:07A9
[2016.03.03-01.47.44:770][306]LogScript:Warning: Accessed None 'Playervar'
	ThirdPerson_AnimBP_C /Engine/Transient.World_4:PersistentLevel.Enemy_C_3.CharacterMesh0.ThirdPerson_AnimBP_C_3
	Function /Game/Mannequin/Animations/ThirdPerson_AnimBP.ThirdPerson_AnimBP_C:ExecuteUbergraph_ThirdPerson_AnimBP:07C8
[2016.03.03-01.47.44:770][306]LogScript:Warning: Accessed None 'Playervar'
	ThirdPerson_AnimBP_C /Engine/Transient.World_4:PersistentLevel.Enemy_C_3.CharacterMesh0.ThirdPerson_AnimBP_C_3
	Function /Game/Mannequin/Animations/ThirdPerson_AnimBP.ThirdPerson_AnimBP_C:ExecuteUbergraph_ThirdPerson_AnimBP:0804
[2016.03.03-01.47.44:770][306]LogScript:Warning: Accessed None 'Playervar'
	ThirdPerson_AnimBP_C /Engine/Transient.World_4:PersistentLevel.Enemy_C_3.CharacterMesh0.ThirdPerson_AnimBP_C_3
	Function /Game/Mannequin/Animations/ThirdPerson_AnimBP.ThirdPerson_AnimBP_C:ExecuteUbergraph_ThirdPerson_AnimBP:0732
[2016.03.03-01.47.44:770][306]LogScript:Warning: Accessed None 'Playervar'
	ThirdPerson_AnimBP_C /Engine/Transient.World_4:PersistentLevel.Enemy_C_3.CharacterMesh0.ThirdPerson_AnimBP_C_3
	Function /Game/Mannequin/Animations/ThirdPerson_AnimBP.ThirdPerson_AnimBP_C:ExecuteUbergraph_ThirdPerson_AnimBP:0751
[2016.03.03-01.47.44:771][306]LogScript:Warning: Accessed None 'Playervar'
	ThirdPerson_AnimBP_C /Engine/Transient.World_4:PersistentLevel.Enemy_C_3.CharacterMesh0.ThirdPerson_AnimBP_C_3
	Function /Game/Mannequin/Animations/ThirdPerson_AnimBP.ThirdPerson_AnimBP_C:ExecuteUbergraph_ThirdPerson_AnimBP:07A9
[2016.03.03-01.47.44:771][306]LogScript:Warning: Accessed None 'Playervar'
	ThirdPerson_AnimBP_C /Engine/Transient.World_4:PersistentLevel.Enemy_C_3.CharacterMesh0.ThirdPerson_AnimBP_C_3
	Function /Game/Mannequin/Animations/ThirdPerson_AnimBP.ThirdPerson_AnimBP_C:ExecuteUbergraph_ThirdPerson_AnimBP:07C8
[2016.03.03-01.47.44:771][306]LogScript:Warning: Accessed None 'Playervar'
	ThirdPerson_AnimBP_C /Engine/Transient.World_4:PersistentLevel.Enemy_C_3.CharacterMesh0.ThirdPerson_AnimBP_C_3
	Function /Game/Mannequin/Animations/ThirdPerson_AnimBP.ThirdPerson_AnimBP_C:ExecuteUbergraph_ThirdPerson_AnimBP:0804
[2016.03.03-01.47.44:771][306]LogScript:Warning: Accessed None 'Playervar'
	ThirdPerson_AnimBP_C /Engine/Transient.World_4:PersistentLevel.Enemy_C_3.CharacterMesh0.ThirdPerson_AnimBP_C_3
	Function /Game/Mannequin/Animations/ThirdPerson_AnimBP.ThirdPerson_AnimBP_C:ExecuteUbergraph_ThirdPerson_AnimBP:0732
[2016.03.03-01.47.44:771][306]LogScript:Warning: Accessed None 'Playervar'
	ThirdPerson_AnimBP_C /Engine/Transient.World_4:PersistentLevel.Enemy_C_3.CharacterMesh0.ThirdPerson_AnimBP_C_3
	Function /Game/Mannequin/Animations/ThirdPerson_AnimBP.ThirdPerson_AnimBP_C:ExecuteUbergraph_ThirdPerson_AnimBP:0751
[2016.03.03-01.47.44:901][307]LogScript:Warning: Accessed None 'Playervar'
	ThirdPerson_AnimBP_C /Engine/Transient.World_4:PersistentLevel.Enemy_C_3.CharacterMesh0.ThirdPerson_AnimBP_C_3
	Function /Game/Mannequin/Animations/ThirdPerson_AnimBP.ThirdPerson_AnimBP_C:ExecuteUbergraph_ThirdPerson_AnimBP:07A9
[2016.03.03-01.47.44:901][307]LogScript:Warning: Accessed None 'Playervar'
	ThirdPerson_AnimBP_C /Engine/Transient.World_4:PersistentLevel.Enemy_C_3.CharacterMesh0.ThirdPerson_AnimBP_C_3
	Function /Game/Mannequin/Animations/ThirdPerson_AnimBP.ThirdPerson_AnimBP_C:ExecuteUbergraph_ThirdPerson_AnimBP:07C8
[2016.03.03-01.47.57:088][409]LogAIModule: Creating AISystem for world LochlansTestMap
[2016.03.03-01.47.57:102][409]LogActorComponent: UnregisterComponent: (/Engine/Transient.CharMoveComp) Not registered. Aborting.
[2016.03.03-01.47.57:102][409]LogActorComponent: UnregisterComponent: (/Engine/Transient.PawnSensing_GEN_VARIABLE) Not registered. Aborting.
[2016.03.03-01.47.57:102][409]LogActorComponent: UnregisterComponent: (/Engine/Transient.CharacterMovementComponent_0) Not registered. Aborting.
[2016.03.03-01.47.57:103][409]LogActorComponent: UnregisterComponent: (/Engine/Transient.ProjectileMovement_GEN_VARIABLE) Not registered. Aborting.
[2016.03.03-01.47.57:157][409]Cmd: MAP LOAD FILE="../../../../../../Users/jack.carolan/Desktop/GitSanityCheck/SanityCheckRepos/UE4 Prototypes/Swap/Swap/Content/Maps/LochlansTestMap.umap" TEMPLATE=0 SHOWPROGRESS=1 FEATURELEVEL=3
[2016.03.03-01.47.57:157][409]LightingResults: New page: Lighting Build
[2016.03.03-01.47.57:173][409]LoadErrors: New page: Loading map: LochlansTestMap.umap
[2016.03.03-01.47.57:174][409]MapCheck: New page: Map Check
[2016.03.03-01.47.57:174][409]LightingResults: New page: Lighting Build
[2016.03.03-01.47.57:193][409]LogParticles: Destroying 0 GPU particle simulations for FXSystem 0x000000002C0D7560
[2016.03.03-01.47.57:252][409]LogEditorServer: Finished looking for orphan Actors (0.000 secs)
[2016.03.03-01.47.57:279][409]Cmd: MAP CHECKDEP NOCLEARLOG
[2016.03.03-01.47.57:317][409]MapCheck: Info Map check complete: 0 Error(s), 0 Warning(s), took 38.352ms to complete.
[2016.03.03-01.47.57:318][409]LogFileHelpers: Loading map 'LochlansTestMap' took 0.162
[2016.03.03-01.47.57:323][409]LogScript:Warning: Accessed None 'Playervar'
	ThirdPerson_AnimBP_C /Engine/Transient.CharacterMesh0:ThirdPerson_AnimBP_C_4
	Function /Game/Mannequin/Animations/ThirdPerson_AnimBP.ThirdPerson_AnimBP_C:ExecuteUbergraph_ThirdPerson_AnimBP:07A9
[2016.03.03-01.47.57:323][409]LogScript:Warning: Accessed None 'Playervar'
	ThirdPerson_AnimBP_C /Engine/Transient.CharacterMesh0:ThirdPerson_AnimBP_C_4
	Function /Game/Mannequin/Animations/ThirdPerson_AnimBP.ThirdPerson_AnimBP_C:ExecuteUbergraph_ThirdPerson_AnimBP:07C8
[2016.03.03-01.47.57:323][409]LogScript:Warning: Accessed None 'Playervar'
	ThirdPerson_AnimBP_C /Engine/Transient.CharacterMesh0:ThirdPerson_AnimBP_C_4
	Function /Game/Mannequin/Animations/ThirdPerson_AnimBP.ThirdPerson_AnimBP_C:ExecuteUbergraph_ThirdPerson_AnimBP:0804
[2016.03.03-01.47.57:323][409]LogScript:Warning: Accessed None 'Playervar'
	ThirdPerson_AnimBP_C /Engine/Transient.CharacterMesh0:ThirdPerson_AnimBP_C_4
	Function /Game/Mannequin/Animations/ThirdPerson_AnimBP.ThirdPerson_AnimBP_C:ExecuteUbergraph_ThirdPerson_AnimBP:0732
[2016.03.03-01.47.57:323][409]LogScript:Warning: Accessed None 'Playervar'
	ThirdPerson_AnimBP_C /Engine/Transient.CharacterMesh0:ThirdPerson_AnimBP_C_4
	Function /Game/Mannequin/Animations/ThirdPerson_AnimBP.ThirdPerson_AnimBP_C:ExecuteUbergraph_ThirdPerson_AnimBP:0751
[2016.03.03-01.47.57:323][409]LogScript:Warning: Accessed None 'Playervar'
	ThirdPerson_AnimBP_C /Engine/Transient.CharacterMesh0:ThirdPerson_AnimBP_C_4
	Function /Game/Mannequin/Animations/ThirdPerson_AnimBP.ThirdPerson_AnimBP_C:ExecuteUbergraph_ThirdPerson_AnimBP:07A9
[2016.03.03-01.47.57:323][409]LogScript:Warning: Accessed None 'Playervar'
	ThirdPerson_AnimBP_C /Engine/Transient.CharacterMesh0:ThirdPerson_AnimBP_C_4
	Function /Game/Mannequin/Animations/ThirdPerson_AnimBP.ThirdPerson_AnimBP_C:ExecuteUbergraph_ThirdPerson_AnimBP:07C8
[2016.03.03-01.47.57:323][409]LogScript:Warning: Accessed None 'Playervar'
	ThirdPerson_AnimBP_C /Engine/Transient.CharacterMesh0:ThirdPerson_AnimBP_C_4
	Function /Game/Mannequin/Animations/ThirdPerson_AnimBP.ThirdPerson_AnimBP_C:ExecuteUbergraph_ThirdPerson_AnimBP:0804
[2016.03.03-01.47.57:323][409]LogScript:Warning: Accessed None 'Playervar'
	ThirdPerson_AnimBP_C /Engine/Transient.CharacterMesh0:ThirdPerson_AnimBP_C_4
	Function /Game/Mannequin/Animations/ThirdPerson_AnimBP.ThirdPerson_AnimBP_C:ExecuteUbergraph_ThirdPerson_AnimBP:0732
[2016.03.03-01.47.57:323][409]LogScript:Warning: Accessed None 'Playervar'
	ThirdPerson_AnimBP_C /Engine/Transient.CharacterMesh0:ThirdPerson_AnimBP_C_4
	Function /Game/Mannequin/Animations/ThirdPerson_AnimBP.ThirdPerson_AnimBP_C:ExecuteUbergraph_ThirdPerson_AnimBP:0751
[2016.03.03-01.47.57:324][409]LogScript:Warning: Accessed None 'Playervar'
	ThirdPerson_AnimBP_C /Engine/Transient.SkeletalMeshComponent_1:ThirdPerson_AnimBP_C_5
	Function /Game/Mannequin/Animations/ThirdPerson_AnimBP.ThirdPerson_AnimBP_C:ExecuteUbergraph_ThirdPerson_AnimBP:07A9
[2016.03.03-01.47.57:324][409]LogScript:Warning: Accessed None 'Playervar'
	ThirdPerson_AnimBP_C /Engine/Transient.SkeletalMeshComponent_1:ThirdPerson_AnimBP_C_5
	Function /Game/Mannequin/Animations/ThirdPerson_AnimBP.ThirdPerson_AnimBP_C:ExecuteUbergraph_ThirdPerson_AnimBP:07C8
[2016.03.03-01.47.57:324][409]LogScript:Warning: Accessed None 'Playervar'
	ThirdPerson_AnimBP_C /Engine/Transient.SkeletalMeshComponent_1:ThirdPerson_AnimBP_C_5
	Function /Game/Mannequin/Animations/ThirdPerson_AnimBP.ThirdPerson_AnimBP_C:ExecuteUbergraph_ThirdPerson_AnimBP:0804
[2016.03.03-01.47.57:324][409]LogScript:Warning: Accessed None 'Playervar'
	ThirdPerson_AnimBP_C /Engine/Transient.SkeletalMeshComponent_1:ThirdPerson_AnimBP_C_5
	Function /Game/Mannequin/Animations/ThirdPerson_AnimBP.ThirdPerson_AnimBP_C:ExecuteUbergraph_ThirdPerson_AnimBP:0732
[2016.03.03-01.47.57:324][409]LogScript:Warning: Accessed None 'Playervar'
	ThirdPerson_AnimBP_C /Engine/Transient.SkeletalMeshComponent_1:ThirdPerson_AnimBP_C_5
	Function /Game/Mannequin/Animations/ThirdPerson_AnimBP.ThirdPerson_AnimBP_C:ExecuteUbergraph_ThirdPerson_AnimBP:0751
[2016.03.03-01.47.57:324][409]LogScript:Warning: Accessed None 'Playervar'
	ThirdPerson_AnimBP_C /Engine/Transient.SkeletalMeshComponent_1:ThirdPerson_AnimBP_C_5
	Function /Game/Mannequin/Animations/ThirdPerson_AnimBP.ThirdPerson_AnimBP_C:ExecuteUbergraph_ThirdPerson_AnimBP:07A9
[2016.03.03-01.47.57:324][409]LogScript:Warning: Accessed None 'Playervar'
	ThirdPerson_AnimBP_C /Engine/Transient.SkeletalMeshComponent_1:ThirdPerson_AnimBP_C_5
	Function /Game/Mannequin/Animations/ThirdPerson_AnimBP.ThirdPerson_AnimBP_C:ExecuteUbergraph_ThirdPerson_AnimBP:07C8
[2016.03.03-01.47.57:324][409]LogScript:Warning: Accessed None 'Playervar'
	ThirdPerson_AnimBP_C /Engine/Transient.SkeletalMeshComponent_1:ThirdPerson_AnimBP_C_5
	Function /Game/Mannequin/Animations/ThirdPerson_AnimBP.ThirdPerson_AnimBP_C:ExecuteUbergraph_ThirdPerson_AnimBP:0804
[2016.03.03-01.47.57:324][409]LogScript:Warning: Accessed None 'Playervar'
	ThirdPerson_AnimBP_C /Engine/Transient.SkeletalMeshComponent_1:ThirdPerson_AnimBP_C_5
	Function /Game/Mannequin/Animations/ThirdPerson_AnimBP.ThirdPerson_AnimBP_C:ExecuteUbergraph_ThirdPerson_AnimBP:0732
[2016.03.03-01.47.57:324][409]LogScript:Warning: Accessed None 'Playervar'
	ThirdPerson_AnimBP_C /Engine/Transient.SkeletalMeshComponent_1:ThirdPerson_AnimBP_C_5
	Function /Game/Mannequin/Animations/ThirdPerson_AnimBP.ThirdPerson_AnimBP_C:ExecuteUbergraph_ThirdPerson_AnimBP:0751
[2016.03.03-01.48.02:331][990]LogPlayLevel: PlayLevel: No blueprints needed recompiling
[2016.03.03-01.48.02:331][990]PIE: New page: PIE session: LochlansTestMap (Mar 3, 2016, 11:48:02 PM)
[2016.03.03-01.48.02:332][990]LogPlayLevel: Creating play world package: /Game/Maps/UEDPIE_0_LochlansTestMap
[2016.03.03-01.48.02:338][990]LogPlayLevel: PIE: StaticDuplicateObject took: (0.006462s)
[2016.03.03-01.48.02:338][990]LogAIModule: Creating AISystem for world LochlansTestMap
[2016.03.03-01.48.02:339][990]LogPlayLevel: PIE: World Init took: (0.000554s)
[2016.03.03-01.48.02:339][990]LogPlayLevel: PIE: Created PIE world by copying editor world from /Game/Maps/LochlansTestMap.LochlansTestMap to /Game/Maps/UEDPIE_0_LochlansTestMap.LochlansTestMap (0.007226s)
[2016.03.03-01.48.02:339][990]LogActorComponent: UnregisterComponent: (/Engine/Transient.CharMoveComp) Not registered. Aborting.
[2016.03.03-01.48.02:339][990]LogActorComponent: UnregisterComponent: (/Engine/Transient.PawnSensing_GEN_VARIABLE) Not registered. Aborting.
[2016.03.03-01.48.02:339][990]LogActorComponent: UnregisterComponent: (/Engine/Transient.CharacterMovementComponent_1) Not registered. Aborting.
[2016.03.03-01.48.02:362][990]LogInit: XAudio2 using 'Speakers (High Definition Audio Device)' : 2 channels at 44.1 kHz using 16 bits per sample (channel mask 0x3)
[2016.03.03-01.48.02:366][990]LogInit: FAudioDevice initialized.
[2016.03.03-01.48.02:411][990]LogWorld: Game class is 'SwapGameMode_C'
[2016.03.03-01.48.02:420][990]LogWorld: Bringing World /Game/Maps/UEDPIE_0_LochlansTestMap.LochlansTestMap up for play (max tick rate 0) at 2016.03.03-12.48.02
[2016.03.03-01.48.02:420][990]LogActor:Warning: GameSession /Game/Maps/UEDPIE_0_LochlansTestMap.LochlansTestMap:PersistentLevel.GameSession_0 has natively added scene component(s), but none of them were set as the actor's RootComponent - picking one arbitrarily
[2016.03.03-01.48.02:420][990]LogActor:Warning: GameNetworkManager /Game/Maps/UEDPIE_0_LochlansTestMap.LochlansTestMap:PersistentLevel.GameNetworkManager_0 has natively added scene component(s), but none of them were set as the actor's RootComponent - picking one arbitrarily
[2016.03.03-01.48.02:420][990]LogWorld: Bringing up level for play took: 0.008172
[2016.03.03-01.48.02:423][990]PIE: Info Play in editor start time for /Game/Maps/UEDPIE_0_LochlansTestMap 0.682
[2016.03.03-01.48.39:067][368]LogParticles: Destroying 0 GPU particle simulations for FXSystem 0x000000002B3FB2E0
[2016.03.03-01.48.41:488][618]Cmd: QUIT_EDITOR
[2016.03.03-01.48.41:606][618]LogExit: Preparing to exit.
[2016.03.03-01.48.42:690][618]LogExit: Editor shut down
[2016.03.03-01.48.42:690][618]LogExit: Transaction tracking system shut down
[2016.03.03-01.48.42:691][618]LogParticles: Destroying 0 GPU particle simulations for FXSystem 0x00000000332AF7E0
[2016.03.03-01.48.42:691][618]LogParticles: Destroying 0 GPU particle simulations for FXSystem 0x0000000033196980
[2016.03.03-01.48.42:692][618]LogParticles: Destroying 0 GPU particle simulations for FXSystem 0x000000003A130A40
[2016.03.03-01.48.42:692][618]LogParticles: Destroying 0 GPU particle simulations for FXSystem 0x000000003A3E3E20
[2016.03.03-01.48.42:692][618]LogParticles: Destroying 0 GPU particle simulations for FXSystem 0x00000000208B1E40
[2016.03.03-01.48.42:696][618]LogParticles: Destroying 0 GPU particle simulations for FXSystem 0x0000000033196840
[2016.03.03-01.48.42:838][618]LogExit: Object subsystem successfully closed.
[2016.03.03-01.48.42:847][618]LogD3D11RHI: Shutdown
[2016.03.03-01.48.42:848][618]LogD3D11RHI: CleanupD3DDevice
[2016.03.03-01.48.42:884][618]LogD3D11RHI: ~FD3D11DynamicRHI
[2016.03.03-01.48.42:895][618]LogModuleManager: Shutting down and abandoning module BlueprintGraph (199)
[2016.03.03-01.48.42:895][618]LogModuleManager: Shutting down and abandoning module CrashTracker (198)
[2016.03.03-01.48.42:895][618]LogModuleManager: Shutting down and abandoning module SceneOutliner (197)
[2016.03.03-01.48.42:895][618]LogModuleManager: Shutting down and abandoning module SuperSearch (196)
[2016.03.03-01.48.42:895][618]LogModuleManager: Shutting down and abandoning module WidgetCarousel (195)
[2016.03.03-01.48.42:895][618]LogModuleManager: Shutting down and abandoning module AddContentDialog (194)
[2016.03.03-01.48.42:895][618]LogModuleManager: Shutting down and abandoning module EditorWidgets (193)
[2016.03.03-01.48.42:895][618]LogModuleManager: Shutting down and abandoning module CollectionManager (192)
[2016.03.03-01.48.42:895][618]LogModuleManager: Shutting down and abandoning module StatsViewer (191)
[2016.03.03-01.48.42:895][618]LogModuleManager: Shutting down and abandoning module FoliageEdit (190)
[2016.03.03-01.48.42:895][618]LogModuleManager: Shutting down and abandoning module LandscapeEditor (189)
[2016.03.03-01.48.42:895][618]LogModuleManager: Shutting down and abandoning module ActorPickerMode (188)
[2016.03.03-01.48.42:896][618]LogModuleManager: Shutting down and abandoning module GeometryMode (187)
[2016.03.03-01.48.42:896][618]LogModuleManager: Shutting down and abandoning module TextureAlignMode (186)
[2016.03.03-01.48.42:896][618]LogModuleManager: Shutting down and abandoning module BspMode (185)
[2016.03.03-01.48.42:896][618]LogModuleManager: Shutting down and abandoning module PlacementMode (184)
[2016.03.03-01.48.42:896][618]LogModuleManager: Shutting down and abandoning module AutomationWorker (183)
[2016.03.03-01.48.42:896][618]LogModuleManager: Shutting down and abandoning module CharacterAI (182)
[2016.03.03-01.48.42:896][618]LogModuleManager: Shutting down and abandoning module SmartSnapping (181)
[2016.03.03-01.48.42:896][618]LogModuleManager: Shutting down and abandoning module ViewportSnapping (180)
[2016.03.03-01.48.42:896][618]LogModuleManager: Shutting down and abandoning module LogVisualizer (179)
[2016.03.03-01.48.42:896][618]LogModuleManager: Shutting down and abandoning module GameProjectGeneration (178)
[2016.03.03-01.48.42:896][618]LogModuleManager: Shutting down and abandoning module IntroTutorials (177)
[2016.03.03-01.48.42:896][618]LogModuleManager: Shutting down and abandoning module EditorLiveStreaming (176)
[2016.03.03-01.48.42:896][618]LogModuleManager: Shutting down and abandoning module IOSPlatformEditor (175)
[2016.03.03-01.48.42:896][618]LogModuleManager: Shutting down and abandoning module HTML5PlatformEditor (174)
[2016.03.03-01.48.42:896][618]LogModuleManager: Shutting down and abandoning module AndroidDeviceDetection (173)
[2016.03.03-01.48.43:430][618]LogModuleManager: Shutting down and abandoning module AndroidPlatformEditor (172)
[2016.03.03-01.48.43:430][618]LogModuleManager: Shutting down and abandoning module IOSRuntimeSettings (171)
[2016.03.03-01.48.43:430][618]LogModuleManager: Shutting down and abandoning module AndroidRuntimeSettings (170)
[2016.03.03-01.48.43:430][618]LogModuleManager: Shutting down and abandoning module MergeActors (169)
[2016.03.03-01.48.43:430][618]LogModuleManager: Shutting down and abandoning module SizeMap (168)
[2016.03.03-01.48.43:430][618]LogModuleManager: Shutting down and abandoning module TreeMap (167)
[2016.03.03-01.48.43:430][618]LogModuleManager: Shutting down and abandoning module ReferenceViewer (166)
[2016.03.03-01.48.43:430][618]LogModuleManager: Shutting down and abandoning module LocalizationService (165)
[2016.03.03-01.48.43:430][618]LogModuleManager: Shutting down and abandoning module LocalizationDashboard (164)
[2016.03.03-01.48.43:430][618]LogModuleManager: Shutting down and abandoning module HardwareTargeting (163)
[2016.03.03-01.48.43:430][618]LogModuleManager: Shutting down and abandoning module DeviceProfileEditor (162)
[2016.03.03-01.48.43:430][618]LogModuleManager: Shutting down and abandoning module UndoHistory (161)
[2016.03.03-01.48.43:431][618]LogModuleManager: Shutting down and abandoning module GameplayTagsEditor (160)
[2016.03.03-01.48.43:431][618]LogModuleManager: Shutting down and abandoning module UserFeedback (159)
[2016.03.03-01.48.43:431][618]LogModuleManager: Shutting down and abandoning module XmlParser (158)
[2016.03.03-01.48.43:431][618]LogModuleManager: Shutting down and abandoning module Blutility (157)
[2016.03.03-01.48.43:431][618]LogModuleManager: Shutting down and abandoning module ProjectTargetPlatformEditor (156)
[2016.03.03-01.48.43:431][618]LogModuleManager: Shutting down and abandoning module ProjectSettingsViewer (155)
[2016.03.03-01.48.43:431][618]LogModuleManager: Shutting down and abandoning module InputBindingEditor (154)
[2016.03.03-01.48.43:431][618]LogModuleManager: Shutting down and abandoning module EditorSettingsViewer (153)
[2016.03.03-01.48.43:431][618]LogModuleManager: Shutting down and abandoning module SettingsEditor (152)
[2016.03.03-01.48.43:431][618]LogModuleManager: Shutting down and abandoning module ProjectLauncher (151)
[2016.03.03-01.48.43:431][618]LogModuleManager: Shutting down and abandoning module SessionFrontend (150)
[2016.03.03-01.48.43:431][618]LogModuleManager: Shutting down and abandoning module ProfilerClient (149)
[2016.03.03-01.48.43:431][618]LogModuleManager: Shutting down and abandoning module TargetDeviceServices (148)
[2016.03.03-01.48.43:431][618]LogModuleManager: Shutting down and abandoning module DeviceManager (147)
[2016.03.03-01.48.43:431][618]LogModuleManager: Shutting down and abandoning module AutomationController (146)
[2016.03.03-01.48.43:431][618]LogModuleManager: Shutting down and abandoning module AutomationWindow (145)
[2016.03.03-01.48.43:431][618]LogModuleManager: Shutting down and abandoning module Layers (144)
[2016.03.03-01.48.43:431][618]LogModuleManager: Shutting down and abandoning module ComponentVisualizers (143)
[2016.03.03-01.48.43:431][618]LogModuleManager: Shutting down and abandoning module DetailCustomizations (142)
[2016.03.03-01.48.43:432][618]LogModuleManager: Shutting down and abandoning module PackagesDialog (141)
[2016.03.03-01.48.43:432][618]LogModuleManager: Shutting down and abandoning module Persona (140)
[2016.03.03-01.48.43:432][618]LogModuleManager: Shutting down and abandoning module Kismet (139)
[2016.03.03-01.48.43:432][618]LogModuleManager: Shutting down and abandoning module GraphEditor (138)
[2016.03.03-01.48.43:432][618]LogModuleManager: Shutting down and abandoning module ClassViewer (137)
[2016.03.03-01.48.43:432][618]LogModuleManager: Shutting down and abandoning module Toolbox (136)
[2016.03.03-01.48.43:432][618]LogModuleManager: Shutting down and abandoning module ModuleUI (135)
[2016.03.03-01.48.43:432][618]LogModuleManager: Shutting down and abandoning module MovieSceneTools (134)
[2016.03.03-01.48.43:432][618]LogModuleManager: Shutting down and abandoning module OutputLog (133)
[2016.03.03-01.48.43:432][618]LogModuleManager: Shutting down and abandoning module GammaUI (132)
[2016.03.03-01.48.43:432][618]LogModuleManager: Shutting down and abandoning module Documentation (131)
[2016.03.03-01.48.43:432][618]LogModuleManager: Shutting down and abandoning module GameLiveStreaming (130)
[2016.03.03-01.48.43:432][618]LogModuleManager: Shutting down and abandoning module StreamingPauseRendering (129)
[2016.03.03-01.48.43:432][618]LogModuleManager: Shutting down and abandoning module AnalyticsET (128)
[2016.03.03-01.48.43:432][618]LogModuleManager: Shutting down and abandoning module Analytics (127)
[2016.03.03-01.48.43:432][618]LogModuleManager: Shutting down and abandoning module AITestSuite (126)
[2016.03.03-01.48.43:432][618]LogModuleManager: Shutting down and abandoning module GameplayDebugger (125)
[2016.03.03-01.48.43:432][618]LogModuleManager: Shutting down and abandoning module AIModule (124)
[2016.03.03-01.48.43:432][618]LogModuleManager: Shutting down and abandoning module ProfilerService (123)
[2016.03.03-01.48.43:688][618]LogModuleManager: Shutting down and abandoning module TaskGraph (122)
[2016.03.03-01.48.43:688][618]LogModuleManager: Shutting down and abandoning module SlateRemote (121)
[2016.03.03-01.48.43:688][618]LogModuleManager: Shutting down and abandoning module SteamVRController (120)
[2016.03.03-01.48.43:688][618]LogModuleManager: Shutting down and abandoning module SteamVR (119)
[2016.03.03-01.48.43:688][618]LogModuleManager: Shutting down and abandoning module ProceduralMeshComponent (118)
[2016.03.03-01.48.43:688][618]LogModuleManager: Shutting down and abandoning module OculusLibrary (117)
[2016.03.03-01.48.43:688][618]LogModuleManager: Shutting down and abandoning module OculusInput (116)
[2016.03.03-01.48.43:688][618]LogModuleManager: Shutting down and abandoning module LeapMotionController (115)
[2016.03.03-01.48.43:692][618]LogModuleManager: Shutting down and abandoning module CustomMeshComponent (114)
[2016.03.03-01.48.43:692][618]LogModuleManager: Shutting down and abandoning module CableComponent (113)
[2016.03.03-01.48.43:692][618]LogModuleManager: Shutting down and abandoning module ArchVisCharacter (112)
[2016.03.03-01.48.43:692][618]LogModuleManager: Shutting down and abandoning module MessagingDebugger (111)
[2016.03.03-01.48.43:692][618]LogModuleManager: Shutting down and abandoning module MediaPlayerEditor (110)
[2016.03.03-01.48.43:692][618]LogModuleManager: Shutting down and abandoning module HTML5Networking (109)
[2016.03.03-01.48.43:692][618]LogModuleManager: Shutting down and abandoning module SpeedTreeImporter (108)
[2016.03.03-01.48.43:692][618]LogModuleManager: Shutting down and abandoning module PluginBrowser (107)
[2016.03.03-01.48.43:692][618]LogModuleManager: Shutting down and abandoning module EpicSurvey (106)
[2016.03.03-01.48.43:692][618]LogModuleManager: Shutting down and abandoning module DesktopPlatform (105)
[2016.03.03-01.48.43:692][618]LogModuleManager: Shutting down and abandoning module VisualStudioSourceCodeAccess (104)
[2016.03.03-01.48.43:692][618]LogModuleManager: Shutting down and abandoning module UObjectPlugin (103)
[2016.03.03-01.48.43:692][618]LogModuleManager: Shutting down and abandoning module SubversionSourceControl (102)
[2016.03.03-01.48.43:692][618]LogModuleManager: Shutting down and abandoning module PerforceSourceControl (101)
[2016.03.03-01.48.43:692][618]LogModuleManager: Shutting down and abandoning module SourceControl (100)
[2016.03.03-01.48.43:692][618]LogModuleManager: Shutting down and abandoning module GitSourceControl (99)
[2016.03.03-01.48.43:692][618]LogModuleManager: Shutting down and abandoning module LightPropagationVolumeEditor (98)
[2016.03.03-01.48.43:692][618]LogModuleManager: Shutting down and abandoning module PaperTiledImporter (97)
[2016.03.03-01.48.43:692][618]LogModuleManager: Shutting down and abandoning module PaperSpriteSheetImporter (96)
[2016.03.03-01.48.43:692][618]LogModuleManager: Shutting down and abandoning module MeshPaint (95)
[2016.03.03-01.48.43:692][618]LogModuleManager: Shutting down and abandoning module SlateReflector (94)
[2016.03.03-01.48.43:692][618]LogModuleManager: Shutting down and abandoning module HotReload (93)
[2016.03.03-01.48.43:692][618]LogModuleManager: Shutting down and abandoning module MainFrame (92)
[2016.03.03-01.48.43:692][618]LogModuleManager: Shutting down and abandoning module LevelEditor (91)
[2016.03.03-01.48.43:693][618]LogModuleManager: Shutting down and abandoning module DirectoryWatcher (90)
[2016.03.03-01.48.43:693][618]LogModuleManager: Shutting down and abandoning module AssetRegistry (89)
[2016.03.03-01.48.44:318][618]LogFileManager:Warning: DeleteFile was unable to delete '../../../../../../Users/jack.carolan/Desktop/GitSanityCheck/SanityCheckRepos/UE4 Prototypes/Swap/Swap/Intermediate/CachedAssetRegistry.bin', retrying in .5s...
[2016.03.03-01.48.44:318][618]LogFileManager:Warning: DeleteFile recovered during retry!
[2016.03.03-01.48.44:318][618]LogModuleManager: Shutting down and abandoning module ContentBrowser (88)
[2016.03.03-01.48.44:319][618]LogModuleManager: Shutting down and abandoning module Paper2DEditor (87)
[2016.03.03-01.48.44:319][618]LogModuleManager: Shutting down and abandoning module UdpMessaging (86)
[2016.03.03-01.48.44:419][618]LogModuleManager: Shutting down and abandoning module LightPropagationVolumeRuntime (85)
[2016.03.03-01.48.44:419][618]LogModuleManager: Shutting down and abandoning module Paper2D (84)
[2016.03.03-01.48.44:419][618]LogModuleManager: Shutting down and abandoning module WindowsMoviePlayer (83)
[2016.03.03-01.48.44:421][618]LogModuleManager: Shutting down and abandoning module Media (82)
[2016.03.03-01.48.44:421][618]LogModuleManager: Shutting down and abandoning module WmfMedia (81)
[2016.03.03-01.48.44:422][618]LogModuleManager: Shutting down and abandoning module OnlineBlueprintSupport (80)
[2016.03.03-01.48.44:422][618]LogModuleManager: Shutting down and abandoning module GameplayTasksEditor (79)
[2016.03.03-01.48.44:422][618]LogModuleManager: Shutting down and abandoning module PropertyEditor (78)
[2016.03.03-01.48.44:422][618]LogModuleManager: Shutting down and abandoning module BehaviorTreeEditor (77)
[2016.03.03-01.48.44:422][618]LogModuleManager: Shutting down and abandoning module FunctionalTesting (76)
[2016.03.03-01.48.44:422][618]LogModuleManager: Shutting down and abandoning module CollisionAnalyzer (75)
[2016.03.03-01.48.44:422][618]LogModuleManager: Shutting down and abandoning module WorkspaceMenuStructure (74)
[2016.03.03-01.48.44:422][618]LogModuleManager: Shutting down and abandoning module MessageLog (73)
[2016.03.03-01.48.44:422][618]LogModuleManager: Shutting down and abandoning module Sequencer (72)
[2016.03.03-01.48.44:422][618]LogModuleManager: Shutting down and abandoning module AssetTools (71)
[2016.03.03-01.48.44:423][618]LogModuleManager: Shutting down and abandoning module UMGEditor (70)
[2016.03.03-01.48.44:423][618]LogModuleManager: Shutting down and abandoning module UMG (69)
[2016.03.03-01.48.44:423][618]LogModuleManager: Shutting down and abandoning module Slate (68)
[2016.03.03-01.48.44:423][618]LogModuleManager: Shutting down and abandoning module EditorStyle (67)
[2016.03.03-01.48.44:425][618]LogModuleManager: Shutting down and abandoning module SessionServices (66)
[2016.03.03-01.48.44:425][618]LogModuleManager: Shutting down and abandoning module SourceCodeAccess (65)
[2016.03.03-01.48.44:425][618]LogModuleManager: Shutting down and abandoning module HeadMountedDisplay (64)
[2016.03.03-01.48.44:425][618]LogModuleManager: Shutting down and abandoning module XAudio2 (63)
[2016.03.03-01.48.44:425][618]LogModuleManager: Shutting down and abandoning module Networking (61)
[2016.03.03-01.48.44:425][618]LogModuleManager: Shutting down and abandoning module Core (60)
[2016.03.03-01.48.44:425][618]LogModuleManager: Shutting down and abandoning module KismetCompiler (59)
[2016.03.03-01.48.44:425][618]LogModuleManager: Shutting down and abandoning module PhysXFormats (58)
[2016.03.03-01.48.44:425][618]LogModuleManager: Shutting down and abandoning module MeshUtilities (57)
[2016.03.03-01.48.44:425][618]LogModuleManager: Shutting down and abandoning module DerivedDataCache (56)
[2016.03.03-01.48.44:632][618]LogDerivedDataCache: Shutdown
[2016.03.03-01.48.44:633][618]LogModuleManager: Shutting down and abandoning module ShaderFormatOpenGL (55)
[2016.03.03-01.48.44:633][618]LogModuleManager: Shutting down and abandoning module ShaderFormatD3D (54)
[2016.03.03-01.48.44:633][618]LogModuleManager: Shutting down and abandoning module MetalShaderFormat (53)
[2016.03.03-01.48.44:633][618]LogModuleManager: Shutting down and abandoning module TextureFormatUncompressed (52)
[2016.03.03-01.48.44:633][618]LogModuleManager: Shutting down and abandoning module TextureFormatPVR (51)
[2016.03.03-01.48.44:633][618]LogModuleManager: Shutting down and abandoning module TextureFormatIntelISPCTexComp (50)
[2016.03.03-01.48.44:633][618]LogModuleManager: Shutting down and abandoning module TextureFormatDXT (49)
[2016.03.03-01.48.44:633][618]LogModuleManager: Shutting down and abandoning module ImageWrapper (48)
[2016.03.03-01.48.44:633][618]LogModuleManager: Shutting down and abandoning module TextureFormatASTC (47)
[2016.03.03-01.48.44:633][618]LogModuleManager: Shutting down and abandoning module TextureFormatAndroid (46)
[2016.03.03-01.48.44:633][618]LogModuleManager: Shutting down and abandoning module AudioFormatOpus (45)
[2016.03.03-01.48.44:633][618]LogModuleManager: Shutting down and abandoning module AudioFormatOgg (44)
[2016.03.03-01.48.44:633][618]LogModuleManager: Shutting down and abandoning module AudioFormatADPCM (43)
[2016.03.03-01.48.44:633][618]LogModuleManager: Shutting down and abandoning module LinuxTargetPlatform (42)
[2016.03.03-01.48.44:633][618]LogModuleManager: Shutting down and abandoning module LinuxServerTargetPlatform (41)
[2016.03.03-01.48.44:633][618]LogModuleManager: Shutting down and abandoning module LinuxNoEditorTargetPlatform (40)
[2016.03.03-01.48.44:633][618]LogModuleManager: Shutting down and abandoning module Messaging (39)
[2016.03.03-01.48.44:633][618]LogModuleManager: Shutting down and abandoning module IOSTargetPlatform (38)
[2016.03.03-01.48.44:633][618]LogModuleManager: Shutting down and abandoning module HTML5TargetPlatform (37)
[2016.03.03-01.48.44:633][618]LogModuleManager: Shutting down and abandoning module Android_PVRTCTargetPlatform (36)
[2016.03.03-01.48.44:633][618]LogModuleManager: Shutting down and abandoning module Android_MultiTargetPlatform (35)
[2016.03.03-01.48.44:633][618]LogModuleManager: Shutting down and abandoning module Android_ETC2TargetPlatform (34)
[2016.03.03-01.48.44:633][618]LogModuleManager: Shutting down and abandoning module Android_ETC1TargetPlatform (33)
[2016.03.03-01.48.44:633][618]LogModuleManager: Shutting down and abandoning module Android_DXTTargetPlatform (32)
[2016.03.03-01.48.44:633][618]LogModuleManager: Shutting down and abandoning module Android_ATCTargetPlatform (31)
[2016.03.03-01.48.44:633][618]LogModuleManager: Shutting down and abandoning module Android_ASTCTargetPlatform (30)
[2016.03.03-01.48.44:633][618]LogModuleManager: Shutting down and abandoning module AndroidTargetPlatform (29)
[2016.03.03-01.48.44:633][618]LogModuleManager: Shutting down and abandoning module WindowsTargetPlatform (28)
[2016.03.03-01.48.44:633][618]LogModuleManager: Shutting down and abandoning module WindowsServerTargetPlatform (27)
[2016.03.03-01.48.44:633][618]LogModuleManager: Shutting down and abandoning module WindowsNoEditorTargetPlatform (26)
[2016.03.03-01.48.44:633][618]LogModuleManager: Shutting down and abandoning module WindowsClientTargetPlatform (25)
[2016.03.03-01.48.44:633][618]LogModuleManager: Shutting down and abandoning module AllDesktopTargetPlatform (24)
[2016.03.03-01.48.44:633][618]LogModuleManager: Shutting down and abandoning module TargetPlatform (23)
[2016.03.03-01.48.44:633][618]LogModuleManager: Shutting down and abandoning module InputCore (22)
[2016.03.03-01.48.44:633][618]LogModuleManager: Shutting down and abandoning module Settings (21)
[2016.03.03-01.48.44:633][618]LogModuleManager: Shutting down and abandoning module OnlineSubsystem (19)
[2016.03.03-01.48.44:633][618]LogModuleManager: Shutting down and abandoning module HTTP (18)
[2016.03.03-01.48.45:633][618]LogModuleManager: Shutting down and abandoning module XMPP (17)
[2016.03.03-01.48.45:633][618]LogModuleManager: Shutting down and abandoning module OculusRift (16)
[2016.03.03-01.48.45:633][618]LogModuleManager: Shutting down and abandoning module ExampleDeviceProfileSelector (15)
[2016.03.03-01.48.45:633][618]LogModuleManager: Shutting down and abandoning module TextureCompressor (14)
[2016.03.03-01.48.45:633][618]LogModuleManager: Shutting down and abandoning module ShaderCore (13)
[2016.03.03-01.48.45:633][618]LogModuleManager: Shutting down and abandoning module Landscape (12)
[2016.03.03-01.48.45:633][618]LogModuleManager: Shutting down and abandoning module SlateRHIRenderer (11)
[2016.03.03-01.48.45:634][618]LogModuleManager: Shutting down and abandoning module OpenGLDrv (10)
[2016.03.03-01.48.45:634][618]LogModuleManager: Shutting down and abandoning module D3D11RHI (9)
[2016.03.03-01.48.45:634][618]LogModuleManager: Shutting down and abandoning module AnimGraphRuntime (8)
[2016.03.03-01.48.45:634][618]LogModuleManager: Shutting down and abandoning module Renderer (7)
[2016.03.03-01.48.45:634][618]LogModuleManager: Shutting down and abandoning module Engine (6)
[2016.03.03-01.48.45:635][618]LogModuleManager: Shutting down and abandoning module CoreUObject (5)
[2016.03.03-01.48.45:635][618]LogModuleManager: Shutting down and abandoning module NetworkFile (4)
[2016.03.03-01.48.45:635][618]LogModuleManager: Shutting down and abandoning module StreamingFile (3)
[2016.03.03-01.48.45:635][618]LogModuleManager: Shutting down and abandoning module SandboxFile (2)
[2016.03.03-01.48.45:635][618]LogModuleManager: Shutting down and abandoning module PakFile (1)
[2016.03.03-01.48.45:637][618]LogExit: Exiting.
[2016.03.03-01.48.45:668][618]Log file closed, 03/03/16 12:48:45
