[2016.02.25-02.17.04:001][  0]Log file open, 02/25/16 13:17:04
[2016.02.25-02.17.04:001][  0]LogInit:Display: Running engine for game: Swap
[2016.02.25-02.17.04:001][  0]LogPlatformFile: Not using cached read wrapper
[2016.02.25-02.17.04:001][  0]LogInit:Display: RandInit(-646984619) SRandInit(-646984615).
[2016.02.25-02.17.04:001][  0]LogTaskGraph: Started task graph with 4 named threads and 7 total threads.
[2016.02.25-02.17.04:001][  0]LogStats: Stats thread started at 0.094403
[2016.02.25-02.17.04:001][  0]LogInit: Version: 4.10.3-2866931+++depot+UE4-Releases+4.10
[2016.02.25-02.17.04:001][  0]LogInit: API Version: 2758231
[2016.02.25-02.17.04:001][  0]LogInit: Compiled (64-bit): Feb 15 2016 08:20:45
[2016.02.25-02.17.04:001][  0]LogInit: Compiled with Visual C++: 19.00.23026.00
[2016.02.25-02.17.04:001][  0]LogInit: Build Configuration: Development
[2016.02.25-02.17.04:001][  0]LogInit: Branch Name: ++depot+UE4-Releases+4.10
[2016.02.25-02.17.04:001][  0]LogInit: Command line:  
[2016.02.25-02.17.04:001][  0]LogInit: Base directory: C:/Program Files (x86)/Epic Games/4.10/Engine/Binaries/Win64/
[2016.02.25-02.17.04:001][  0]LogInit: Rocket: 1
[2016.02.25-02.17.04:024][  0]LogInit: Using libcurl 7.41.0
[2016.02.25-02.17.04:024][  0]LogInit:  - built for x86_64-pc-win32
[2016.02.25-02.17.04:024][  0]LogInit:  - supports SSL with WinSSL
[2016.02.25-02.17.04:024][  0]LogInit:  - other features:
[2016.02.25-02.17.04:024][  0]LogInit:      CURL_VERSION_SSL
[2016.02.25-02.17.04:024][  0]LogInit:      CURL_VERSION_IPV6
[2016.02.25-02.17.04:024][  0]LogInit:      CURL_VERSION_ASYNCHDNS
[2016.02.25-02.17.04:024][  0]LogInit:      CURL_VERSION_LARGEFILE
[2016.02.25-02.17.04:024][  0]LogInit:      CURL_VERSION_IDN
[2016.02.25-02.17.04:025][  0]LogInit:  CurlRequestOptions (configurable via config and command line):
[2016.02.25-02.17.04:025][  0]LogInit:  - bVerifyPeer = true  - Libcurl will verify peer certificate
[2016.02.25-02.17.04:025][  0]LogInit:  - bUseHttpProxy = false  - Libcurl will NOT use HTTP proxy
[2016.02.25-02.17.04:025][  0]LogInit:  - bDontReuseConnections = false  - Libcurl will reuse connections
[2016.02.25-02.17.04:025][  0]LogInit:  - CertBundlePath = nullptr  - Libcurl will use whatever was configured at build time.
[2016.02.25-02.17.04:064][  0]LogInit: Presizing for 0 objects not considered by GC, pre-allocating 0 bytes.
[2016.02.25-02.17.04:071][  0]LogInit: Object subsystem initialized
[2016.02.25-02.17.04:071][  0]LogInit: Selected Device Profile: [Windows]
[2016.02.25-02.17.04:071][  0]LogInit: Applying CVar settings loaded from the selected device profile: [Windows]
[2016.02.25-02.17.04:083][  0]LogInit: Computer: HARST-E0B24C
[2016.02.25-02.17.04:083][  0]LogInit: User: lochlanmckinno
[2016.02.25-02.17.04:083][  0]LogInit: CPU Page size=4096, Cores=4
[2016.02.25-02.17.04:083][  0]LogInit: High frequency timer resolution =3.410244 MHz
[2016.02.25-02.17.04:083][  0]LogMemory: Memory total: Physical=15.9GB (16GB approx)
[2016.02.25-02.17.04:083][  0]LogMemory: Platform Memory Stats for Windows
[2016.02.25-02.17.04:083][  0]LogMemory: Process Physical Memory: 58.20 MB used, 58.20 MB peak
[2016.02.25-02.17.04:083][  0]LogMemory: Process Virtual Memory: 61.50 MB used, 61.50 MB peak
[2016.02.25-02.17.04:083][  0]LogMemory: Physical Memory: 4565.69 MB used, 16301.11 MB total
[2016.02.25-02.17.04:083][  0]LogMemory: Virtual Memory: 356.15 MB used, 8388608.00 MB total
[2016.02.25-02.17.04:305][  0]LogTextLocalizationManager: No specific translations for ('en-US') exist, so ('en') translations will be used.
[2016.02.25-02.17.04:813][  0]LogD3D11RHI: Found D3D11 adapter 0: NVIDIA GeForce GTX 560  (Feature Level 11_0)
[2016.02.25-02.17.04:813][  0]LogD3D11RHI: Adapter has 979MB of dedicated video memory, 0MB of dedicated system memory, and 3071MB of shared system memory, 2 output[s]
[2016.02.25-02.17.04:876][  0]LogD3D11RHI: Found D3D11 adapter 1: Intel(R) HD Graphics 3000 (Feature Level 10_0)
[2016.02.25-02.17.04:876][  0]LogD3D11RHI: Adapter has 64MB of dedicated video memory, 0MB of dedicated system memory, and 1632MB of shared system memory, 0 output[s]
[2016.02.25-02.17.04:876][  0]LogD3D11RHI: Chosen D3D11 Adapter Id = 0
[2016.02.25-02.17.04:880][  0]LogD3D11RHI: !Direct3DDevice
[2016.02.25-02.17.04:880][  0]LogRHI: Texture pool is 685 MB (70% of 979 MB)
[2016.02.25-02.17.04:888][  0]LogD3D11RHI: Async texture creation enabled
[2016.02.25-02.17.04:901][  0]LogShaderCompilers: Guid format shader working directory is -45 characters bigger than the processId version (../../../../../../Users/lochlan.mckinno/Documents/GitHub/SanityCheckRepos/UE4 Prototypes/Swap/Swap/Intermediate/Shaders/WorkingDirectory/6056/).
[2016.02.25-02.17.04:902][  0]LogShaderCompilers: Cleaned the shader compiler working directory 'C:/Users/LOCHLA~1.MCK/AppData/Local/Temp/UnrealShaderWorkingDir/29A6805B46DE4DDED0CB22B8E1920C9E/'.
[2016.02.25-02.17.04:902][  0]LogShaderCompilers:Display: Using Local Shader Compiler.
[2016.02.25-02.17.06:142][  0]LogTemp:Display: Loaded TP AllDesktopTargetPlatform
[2016.02.25-02.17.06:146][  0]LogTemp:Display: Loaded TP WindowsClientTargetPlatform
[2016.02.25-02.17.06:150][  0]LogTemp:Display: Loaded TP WindowsNoEditorTargetPlatform
[2016.02.25-02.17.06:155][  0]LogTemp:Display: Loaded TP WindowsServerTargetPlatform
[2016.02.25-02.17.06:160][  0]LogTemp:Display: Loaded TP WindowsTargetPlatform
[2016.02.25-02.17.06:163][  0]LogTemp:Display: Loaded TP AndroidTargetPlatform
[2016.02.25-02.17.06:166][  0]LogTemp:Display: Loaded TP Android_ASTCTargetPlatform
[2016.02.25-02.17.06:170][  0]LogTemp:Display: Loaded TP Android_ATCTargetPlatform
[2016.02.25-02.17.06:174][  0]LogTemp:Display: Loaded TP Android_DXTTargetPlatform
[2016.02.25-02.17.06:177][  0]LogTemp:Display: Loaded TP Android_ETC1TargetPlatform
[2016.02.25-02.17.06:180][  0]LogTemp:Display: Loaded TP Android_ETC2TargetPlatform
[2016.02.25-02.17.06:186][  0]LogTemp:Display: Loaded TP Android_MultiTargetPlatform
[2016.02.25-02.17.06:186][  0]LogTemp:Display: Loaded TP Android_PVRTCTargetPlatform
[2016.02.25-02.17.06:187][  0]LogTemp:Display: Loaded TP HTML5TargetPlatform
[2016.02.25-02.17.06:217][  0]LogTemp:Display: Loaded TP IOSTargetPlatform
[2016.02.25-02.17.06:219][  0]LogTemp:Display: Loaded TP LinuxNoEditorTargetPlatform
[2016.02.25-02.17.06:222][  0]LogTemp:Display: Loaded TP LinuxServerTargetPlatform
[2016.02.25-02.17.06:226][  0]LogTemp:Display: Loaded TP LinuxTargetPlatform
[2016.02.25-02.17.06:227][  0]LogTargetPlatformManager:Display: Building Assets For Windows
[2016.02.25-02.17.06:632][  0]LogDerivedDataCache:Display: Max Cache Size: 512 MB
[2016.02.25-02.17.06:677][  0]LogDerivedDataCache: Loaded boot cache 0.04s 41MB C:/Users/lochlan.mckinno/AppData/Local/UnrealEngine/4.10/DerivedDataCache/Boot.ddc.
[2016.02.25-02.17.06:677][  0]LogDerivedDataCache:Display: Loaded Boot cache: C:/Users/lochlan.mckinno/AppData/Local/UnrealEngine/4.10/DerivedDataCache/Boot.ddc
[2016.02.25-02.17.06:677][  0]LogDerivedDataCache: FDerivedDataBackendGraph:  Pak pak cache file ../../../../../../Users/lochlan.mckinno/Documents/GitHub/SanityCheckRepos/UE4 Prototypes/Swap/Swap/DerivedDataCache/DDC.ddp not found, will not use a pak cache.
[2016.02.25-02.17.06:677][  0]LogDerivedDataCache: Unable to find inner node Pak for hierarchical cache Hierarchy.
[2016.02.25-02.17.06:677][  0]LogDerivedDataCache: FDerivedDataBackendGraph:  CompressedPak pak cache file ../../../../../../Users/lochlan.mckinno/Documents/GitHub/SanityCheckRepos/UE4 Prototypes/Swap/Swap/DerivedDataCache/Compressed.ddp not found, will not use a pak cache.
[2016.02.25-02.17.06:677][  0]LogDerivedDataCache: Unable to find inner node CompressedPak for hierarchical cache Hierarchy.
[2016.02.25-02.17.06:734][  0]LogDerivedDataCache:Display: Pak cache opened for reading ../../../Engine/DerivedDataCache/Compressed.ddp.
[2016.02.25-02.17.06:745][  0]LogDerivedDataCache: Using Local data cache path C:/Users/lochlan.mckinno/AppData/Local/UnrealEngine/Common/DerivedDataCache: Writable
[2016.02.25-02.17.09:159][  0]LogInit: Selected Device Profile: [Windows]
[2016.02.25-02.17.09:159][  0]LogContentStreaming: Texture pool size is 0.000000MB
[2016.02.25-02.17.09:197][  0]LogMeshUtilities: No automatic mesh reduction module available
[2016.02.25-02.17.09:197][  0]LogMeshUtilities: No automatic mesh merging module available
[2016.02.25-02.17.09:512][  0]LogInit: WinSock: version 1.1 (2.2), MaxSocks=32767, MaxUdp=65467
[2016.02.25-02.17.10:278][  0]UdpMessaging: Initializing bridge on interface 0.0.0.0:0 to multicast group 230.0.0.1:6666.
[2016.02.25-02.17.10:403][  0]LogAssetRegistry: FAssetRegistry took 0.0105 seconds to start up
[2016.02.25-02.17.10:591][  0]SourceControl: Info Source control is disabled
[2016.02.25-02.17.11:273][  0]LogObj: 28633 objects as part of root set at end of initial load.
[2016.02.25-02.17.11:273][  0]LogUObjectAllocator: 6099744 out of 0 bytes used by permanent object pool.
[2016.02.25-02.17.11:329][  0]LogEngine: Initializing Engine...
[2016.02.25-02.17.11:331][  0]LogHMD: Can't find Oculus library dev build: is proper Runtime installed? Version: 0.8.0.0
[2016.02.25-02.17.11:336][  0]LogHMD: SteamVR failed to initialize.  Err: 110
[2016.02.25-02.17.11:464][  0]LogAIModule: Creating AISystem for world NewWorld
[2016.02.25-02.17.11:485][  0]LogInit: XAudio2 using 'Speakers (Realtek High Definition Audio)' : 2 channels at 48 kHz using 32 bits per sample (channel mask 0x3)
[2016.02.25-02.17.11:500][  0]LogInit: FAudioDevice initialized.
[2016.02.25-02.17.11:521][  0]LogDerivedDataCache: Saved boot cache 0.02s 41MB C:/Users/lochlan.mckinno/AppData/Local/UnrealEngine/4.10/DerivedDataCache/Boot.ddc.
[2016.02.25-02.17.11:527][  0]LogInit: Texture streaming: Enabled
[2016.02.25-02.17.11:532][  0]LogAnalytics: Creating configured Analytics provider AnalyticsET
[2016.02.25-02.17.11:533][  0]LogAnalytics: [UEEditor.Rocket.Release] APIServer = http://et2.epicgames.com/ET2/. AppVersion = 4.10.3-2866931+++depot+UE4-Releases+4.10
[2016.02.25-02.17.11:533][  0]LogAnalytics: [UEEditor.Rocket.Release] SetUserId 8d1324dd4868e743bab9559b4e9e057f|301fef3b08c942d8a99328d34c0005e3|9ea81f69-1d3b-48ca-bf64-be68fb411e75
[2016.02.25-02.17.11:533][  0]LogAnalytics: [UEEditor.Rocket.Release] AnalyticsET::StartSession
[2016.02.25-02.17.11:546][  0]LogInit: Transaction tracking system initialized
[2016.02.25-02.17.11:572][  0]BlueprintLog: New page: Editor Load
[2016.02.25-02.17.11:653][  0]LocalizationService: Info Localization service is disabled
[2016.02.25-02.17.11:725][  0]LogConsoleResponse:Display: 
[2016.02.25-02.17.11:832][  0]LogCook:Display: Done creating registry. It took  0.00s.
[2016.02.25-02.17.12:017][  0]LogFileCache: Scanning file cache for directory 'C:/Users/lochlan.mckinno/Documents/GitHub/SanityCheckRepos/UE4 Prototypes/Swap/Swap/Content/' took 0.01s
[2016.02.25-02.17.12:017][  0]Cmd: MAP LOAD FILE="../../../../../../Users/lochlan.mckinno/Documents/GitHub/SanityCheckRepos/UE4 Prototypes/Swap/Swap/Content/Maps/swapMap.umap" TEMPLATE=0 SHOWPROGRESS=1 FEATURELEVEL=3
[2016.02.25-02.17.12:018][  0]LightingResults: New page: Lighting Build
[2016.02.25-02.17.12:021][  0]MapCheck: New page: Map Check
[2016.02.25-02.17.12:021][  0]LightingResults: New page: Lighting Build
[2016.02.25-02.17.12:034][  0]LogParticles: Destroying 0 GPU particle simulations for FXSystem 0x0000000023D5EAC0
[2016.02.25-02.17.12:356][  0]LogAIModule: Creating AISystem for world swapMap
[2016.02.25-02.17.12:370][  0]LogEditorServer: Finished looking for orphan Actors (0.000 secs)
[2016.02.25-02.17.12:371][  0]Cmd: MAP CHECKDEP NOCLEARLOG
[2016.02.25-02.17.12:415][  0]MapCheck: Info Map check complete: 0 Error(s), 0 Warning(s), took 44.146ms to complete.
[2016.02.25-02.17.12:415][  0]LogFileHelpers: Loading map 'swapMap' took 0.399
[2016.02.25-02.17.12:514][  0]LogCollectionManager: Loaded 0 collections in 0.002124 seconds
[2016.02.25-02.17.12:553][  0]LogFileCache: Scanning file cache for directory 'C:/Users/lochlan.mckinno/Documents/GitHub/SanityCheckRepos/UE4 Prototypes/Swap/Swap/Saved/Collections/' took 0.01s
[2016.02.25-02.17.12:553][  0]LogFileCache: Scanning file cache for directory 'C:/Users/lochlan.mckinno/Documents/GitHub/SanityCheckRepos/UE4 Prototypes/Swap/Swap/Content/Developers/lochlanmckinno/Collections/' took 0.01s
[2016.02.25-02.17.12:553][  0]LogFileCache: Scanning file cache for directory 'C:/Users/lochlan.mckinno/Documents/GitHub/SanityCheckRepos/UE4 Prototypes/Swap/Swap/Content/Collections/' took 0.01s
[2016.02.25-02.17.12:553][  0]LogCollectionManager: Rebuilt the GUID cache for 0 collections in 0.000002 seconds
[2016.02.25-02.17.12:566][  0]LogContentBrowser: Native class hierarchy populated in 0.0132 seconds. Added 1893 classes and 338 folders.
[2016.02.25-02.17.12:575][  0]LogContentBrowser: Native class hierarchy updated for 'WidgetCarousel' in 0.0003 seconds. Added 0 classes and 0 folders.
[2016.02.25-02.17.12:627][  0]LogContentBrowser: Native class hierarchy updated for 'AddContentDialog' in 0.0005 seconds. Added 0 classes and 0 folders.
[2016.02.25-02.17.12:631][  0]LogContentBrowser: Native class hierarchy updated for 'SceneOutliner' in 0.0003 seconds. Added 1 classes and 2 folders.
[2016.02.25-02.17.12:652][  0]LogCrashTracker: Crashtracker disabled due to settings.
[2016.02.25-02.17.12:656][  0]LogUObjectGlobals:Warning: Failed to find object 'Class None.'
[2016.02.25-02.17.12:677][  0]LogLoad: Full Startup: 9.23 seconds (BP compile: 0.05 seconds)
[2016.02.25-02.17.12:688][  0]LogOcInput: Can't find Oculus library dev build: is proper Runtime installed? Version: 0.8.0.0
[2016.02.25-02.17.12:745][  0]SourceControl: Info On branch Development
[2016.02.25-02.17.12:745][  0]SourceControl: Info Your branch is up-to-date with 'origin/Development'.
[2016.02.25-02.17.12:745][  0]SourceControl: Info Changes not staged for commit:
[2016.02.25-02.17.12:745][  0]SourceControl: Info   (use "git add <file>..." to update what will be committed)
[2016.02.25-02.17.12:745][  0]SourceControl: Info   (use "git checkout -- <file>..." to discard changes in working directory)
[2016.02.25-02.17.12:745][  0]SourceControl: Info 	modified:   UE4 Prototypes/Swap/Swap/Intermediate/CachedAssetRegistry.bin
[2016.02.25-02.17.12:745][  0]SourceControl: Info 	modified:   UE4 Prototypes/Swap/Swap/Intermediate/Config/CoalescedSourceConfigs/Engine.ini
[2016.02.25-02.17.12:745][  0]SourceControl: Info 	modified:   UE4 Prototypes/Swap/Swap/Intermediate/Config/CoalescedSourceConfigs/Game.ini
[2016.02.25-02.17.12:745][  0]SourceControl: Info 	modified:   UE4 Prototypes/Swap/Swap/Saved/Config/Windows/Engine.ini
[2016.02.25-02.17.12:745][  0]SourceControl: Info 	modified:   UE4 Prototypes/Swap/Swap/Saved/Logs/Swap.log
[2016.02.25-02.17.12:745][  0]SourceControl: Info Untracked files:
[2016.02.25-02.17.12:745][  0]SourceControl: Info   (use "git add <file>..." to include in what will be committed)
[2016.02.25-02.17.12:745][  0]SourceControl: Info 	UE4 Prototypes/Swap/Swap/Saved/Logs/Swap-backup-2016.02.25-13.17.03.log
[2016.02.25-02.17.12:745][  0]SourceControl: Info no changes added to commit (use "git add" and/or "git commit -a")
[2016.02.25-02.17.12:745][  0]LogContentStreaming: Texture pool size now 1000 MB
[2016.02.25-02.17.12:887][  0]LogRenderer: Reallocating scene render targets to support 1208x572 (Frame:2).
[2016.02.25-02.17.13:128][  3]LogAssetRegistry: Asset discovery search completed in 2.7361 seconds
[2016.02.25-02.17.13:128][  3]LogCollectionManager: Rebuilt the object cache for 0 collections in 0.000002 seconds (found 0 objects)
[2016.02.25-02.17.13:128][  3]LogCollectionManager: Fixed up redirectors for 0 collections in 0.000023 seconds (updated 0 objects)
[2016.02.25-02.17.18:755][422]Cmd: SELECT NONE
[2016.02.25-02.17.19:292][455]Cmd: SELECT NONE
[2016.02.25-02.17.19:971][509]Cmd: SELECT NONE
[2016.02.25-02.17.20:404][547]Cmd: SELECT NONE
[2016.02.25-02.17.20:628][566]Cmd: SELECT NONE
[2016.02.25-02.19.27:416][958]LogFactory: FactoryCreateBinary: Texture with ReimportTextureFactory (0 0 C:\Users\lochlan.mckinno\Downloads\tex_movement_diff.png)
[2016.02.25-02.19.27:418][958]LogTexture:Display: Building textures: tex_movement_diff (AutoDXT)
[2016.02.25-02.21.27:208][758]LogEditorViewport: Clicking on Actor (context menu): BP_Sky_Sphere_C (Sky Sphere)
[2016.02.25-02.21.28:535][838]LogMaterial: Missing cached shader map for material IdentityMat, compiling. 
[2016.02.25-02.21.28:587][838]LogMaterial: Missing cached shader map for material IdentityMat, compiling. 
[2016.02.25-02.21.28:590][838]LogMaterial: 0.000095 seconds spent updating 1 materials, 1 interfaces, 0 instances, 0 with static permutations.
[2016.02.25-02.21.29:843][877]MaterialEditorStats: Info Base pass shader with only dynamic lighting: 31 instructions
[2016.02.25-02.21.29:843][877]MaterialEditorStats: Info Vertex shader: 31 instructions
[2016.02.25-02.21.29:843][877]MaterialEditorStats: Info Texture samplers: 0/16
[2016.02.25-02.21.31:783][967]LogMaterial: Missing cached shader map for material IdentityMat, compiling. 
[2016.02.25-02.21.31:787][967]LogMaterial: 0.000052 seconds spent updating 1 materials, 1 interfaces, 0 instances, 0 with static permutations.
[2016.02.25-02.21.31:787][967]LogMaterial: Missing cached shader map for material FMatExpressionPreview MaterialExpressionTextureSample_0, compiling. 
[2016.02.25-02.21.31:842][967]LogMaterial: Missing cached shader map for material FMatExpressionPreview MaterialExpressionTextureSample_0, compiling. 
[2016.02.25-02.21.32:558][  1]MaterialEditorStats: Info Base pass shader with only dynamic lighting: 31 instructions
[2016.02.25-02.21.32:558][  1]MaterialEditorStats: Info Vertex shader: 31 instructions
[2016.02.25-02.21.32:558][  1]MaterialEditorStats: Info Texture samplers: 0/16
[2016.02.25-02.21.37:194][287]LogMaterial: Missing cached shader map for material IdentityMat, compiling. 
[2016.02.25-02.21.37:198][287]LogMaterial: 0.000055 seconds spent updating 1 materials, 1 interfaces, 0 instances, 0 with static permutations.
[2016.02.25-02.21.37:241][287]LogMaterial: Missing cached shader map for material FMatExpressionPreview MaterialExpressionTextureSample_0, compiling. 
[2016.02.25-02.21.37:977][328]MaterialEditorStats: Info Base pass shader with only dynamic lighting: 32 instructions
[2016.02.25-02.21.37:977][328]MaterialEditorStats: Info Vertex shader: 33 instructions
[2016.02.25-02.21.37:977][328]MaterialEditorStats: Info Texture samplers: 1/16
[2016.02.25-02.21.39:814][431]LogMaterialEditor: Applying material IdentityMat
[2016.02.25-02.21.40:188][431]LogMaterial: Missing cached shader map for material IdentityMat, compiling. 
[2016.02.25-02.21.40:198][431]LogMaterial: 0.000106 seconds spent updating 1 materials, 1 interfaces, 0 instances, 0 with static permutations.
[2016.02.25-02.21.40:216][431]LogMaterial: Missing cached shader map for material IdentityMat, compiling. 
[2016.02.25-02.21.40:228][431]LogMaterial: Missing cached shader map for material IdentityMat, compiling. 
[2016.02.25-02.21.40:236][431]LogMaterial: 0.000687 seconds spent updating 1 materials, 1 interfaces, 0 instances, 0 with static permutations.
[2016.02.25-02.21.42:207][541]LogEditorViewport: Clicking on Actor (LMB): BP_Sky_Sphere_C (Sky Sphere)
[2016.02.25-02.21.42:495][557]MaterialEditorStats: Info Base pass shader with only dynamic lighting: 61 instructions
[2016.02.25-02.21.42:495][557]MaterialEditorStats: Info Vertex shader: 33 instructions
[2016.02.25-02.21.42:495][557]MaterialEditorStats: Info Texture samplers: 4/16
[2016.02.25-02.21.49:777][ 93]LogEditorViewport: Clicking on Actor (LMB): BP_Sky_Sphere_C (Sky Sphere)
[2016.02.25-02.21.50:180][125]LogEditorViewport: Clicking on Actor (LMB): WallRun_C (WallRun9)
[2016.02.25-02.21.50:285][130]LogEditorViewport: Clicking on Component (LMB): BoxComponent (Box)
[2016.02.25-02.22.04:896][917]LogLinker:Warning: Asset '../../../Engine/Content/ArtTools/RenderToTexture/Macros/RenderToTextureMacros.uasset' has been saved with empty engine version. The asset will be loaded but may be incompatible.
[2016.02.25-02.22.05:272][917]LogContentBrowser: Native class hierarchy updated for 'BlueprintGraph' in 0.0007 seconds. Added 107 classes and 0 folders.
[2016.02.25-02.22.10:674][142]LogRenderer: Reallocating scene render targets to support 1208x712 (Frame:7086).
[2016.02.25-02.25.33:671][389]LogEditorViewport: Clicking on Actor (LMB): BP_Sky_Sphere_C (Sky Sphere)
[2016.02.25-02.25.33:985][407]LogEditorViewport: Clicking on Actor (LMB): BP_Sky_Sphere_C (Sky Sphere)
[2016.02.25-02.25.36:077][543]LogEditorViewport: Clicking on Actor (LMB): BP_Sky_Sphere_C (Sky Sphere)
[2016.02.25-02.25.36:544][581]LogEditorViewport: Clicking on Actor (LMB): WallRun_C (WallRun9)
[2016.02.25-02.25.48:883][501]LogEditorViewport: Clicking on Actor (LMB): BP_Sky_Sphere_C (Sky Sphere)
[2016.02.25-02.25.58:221][993]LogActorFactory: Actor Factory created Cube
[2016.02.25-02.26.11:692][689]BlueprintLog: New page: Compile WallRun
[2016.02.25-02.26.11:785][689]LogParticles: Destroying 0 GPU particle simulations for FXSystem 0x00000000351449A0
[2016.02.25-02.26.11:799][689]BlueprintEditorCompileResults: Info [0548.37] Compile of WallRun successful! [in 106 ms]
[2016.02.25-02.26.17:219][ 66]LogEditorViewport: Clicking on Actor (LMB): WallRun_C (WallRun9)
[2016.02.25-02.26.35:289][400]LogPlayLevel: PlayLevel: No blueprints needed recompiling
[2016.02.25-02.26.35:290][400]PIE: New page: PIE session: swapMap (Feb 26, 2016, 12:26:35 AM)
[2016.02.25-02.26.35:290][400]LogPlayLevel: Creating play world package: /Game/Maps/UEDPIE_0_swapMap
[2016.02.25-02.26.35:296][400]LogPlayLevel: PIE: StaticDuplicateObject took: (0.006379s)
[2016.02.25-02.26.35:297][400]LogAIModule: Creating AISystem for world swapMap
[2016.02.25-02.26.35:297][400]LogPlayLevel: PIE: World Init took: (0.000853s)
[2016.02.25-02.26.35:297][400]LogPlayLevel: PIE: Created PIE world by copying editor world from /Game/Maps/swapMap.swapMap to /Game/Maps/UEDPIE_0_swapMap.swapMap (0.007450s)
[2016.02.25-02.26.35:327][400]LogInit: XAudio2 using 'Speakers (Realtek High Definition Audio)' : 2 channels at 48 kHz using 32 bits per sample (channel mask 0x3)
[2016.02.25-02.26.35:335][400]LogInit: FAudioDevice initialized.
[2016.02.25-02.26.36:046][400]LogWorld: Game class is 'SwapGameMode_C'
[2016.02.25-02.26.36:055][400]LogWorld: Bringing World /Game/Maps/UEDPIE_0_swapMap.swapMap up for play (max tick rate 0) at 2016.02.25-13.26.36
[2016.02.25-02.26.36:055][400]LogActor:Warning: GameSession /Game/Maps/UEDPIE_0_swapMap.swapMap:PersistentLevel.GameSession_0 has natively added scene component(s), but none of them were set as the actor's RootComponent - picking one arbitrarily
[2016.02.25-02.26.36:055][400]LogActor:Warning: GameNetworkManager /Game/Maps/UEDPIE_0_swapMap.swapMap:PersistentLevel.GameNetworkManager_0 has natively added scene component(s), but none of them were set as the actor's RootComponent - picking one arbitrarily
[2016.02.25-02.26.36:055][400]LogWorld: Bringing up level for play took: 0.008358
[2016.02.25-02.26.36:059][400]PIE: Info Play in editor start time for /Game/Maps/UEDPIE_0_swapMap 0.037
[2016.02.25-02.27.03:612][710]LogActorComponent: UnregisterComponent: (/Engine/Transient.CharMoveComp) Not registered. Aborting.
[2016.02.25-02.27.03:645][710]LogParticles: Destroying 0 GPU particle simulations for FXSystem 0x00000000388D3EC0
[2016.02.25-02.27.48:594][796]LogActorComponent: UnregisterComponent: (/Engine/Transient.CharMoveComp) Not registered. Aborting.
[2016.02.25-02.27.48:719][796]LogSavePackage: Save=72.568413ms
[2016.02.25-02.27.48:719][796]LogSavePackage: Moving '../../../../../../Users/lochlan.mckinno/Documents/GitHub/SanityCheckRepos/UE4 Prototypes/Swap/Swap/Saved/swapMap_Auto1566E345B4509518872C6FCB7B757F0BA.tmp' to '../../../../../../Users/lochlan.mckinno/Documents/GitHub/SanityCheckRepos/UE4 Prototypes/Swap/Swap/Saved/Autosaves/Game/Maps/swapMap_Auto1.umap'
[2016.02.25-02.27.48:721][796]LogSavePackage: Total save time: 94.629299ms
[2016.02.25-02.27.48:721][796]LogSavePackage:Display: Finished SavePackage ../../../../../../Users/lochlan.mckinno/Documents/GitHub/SanityCheckRepos/UE4 Prototypes/Swap/Swap/Saved/Autosaves/Game/Maps/swapMap_Auto1.umap
[2016.02.25-02.27.48:722][796]LogFileHelpers: Editor autosave (incl. sublevels) for '/Game/Maps/swapMap' took 0.128
[2016.02.25-02.27.48:722][796]LogFileHelpers: Editor autosave (incl. sublevels) for all levels took 0.128
[2016.02.25-02.27.48:728][796]OBJ SavePackage: Generating thumbnails for [1] asset(s) in package [/Game/BluePrints/WallRun] ([1] browsable assets)...
[2016.02.25-02.27.48:745][796]OBJ SavePackage:     Rendered thumbnail for [Blueprint /Game/BluePrints/WallRun.WallRun]
[2016.02.25-02.27.48:745][796]OBJ SavePackage: Finished generating thumbnails for package [/Game/BluePrints/WallRun]
[2016.02.25-02.27.48:780][796]LogSavePackage: Save=17.778200ms
[2016.02.25-02.27.48:780][796]LogSavePackage: Moving '../../../../../../Users/lochlan.mckinno/Documents/GitHub/SanityCheckRepos/UE4 Prototypes/Swap/Swap/Saved/WallRun_Auto179BA066A4580746FADDACFBF552A00DC.tmp' to '../../../../../../Users/lochlan.mckinno/Documents/GitHub/SanityCheckRepos/UE4 Prototypes/Swap/Swap/Saved/Autosaves/Game/BluePrints/WallRun_Auto1.uasset'
[2016.02.25-02.27.48:782][796]LogSavePackage: Total save time: 35.842888ms
[2016.02.25-02.27.48:782][796]LogSavePackage:Display: Finished SavePackage ../../../../../../Users/lochlan.mckinno/Documents/GitHub/SanityCheckRepos/UE4 Prototypes/Swap/Swap/Saved/Autosaves/Game/BluePrints/WallRun_Auto1.uasset
[2016.02.25-02.27.48:786][796]OBJ SavePackage: Generating thumbnails for [1] asset(s) in package [/Game/TexturesandMats/tex_movement_diff] ([1] browsable assets)...
[2016.02.25-02.27.48:794][796]OBJ SavePackage:     Rendered thumbnail for [Texture2D /Game/TexturesandMats/tex_movement_diff.tex_movement_diff]
[2016.02.25-02.27.48:794][796]OBJ SavePackage: Finished generating thumbnails for package [/Game/TexturesandMats/tex_movement_diff]
[2016.02.25-02.27.48:800][796]LogSavePackage: Save=4.277700ms
[2016.02.25-02.27.48:800][796]LogSavePackage: Moving '../../../../../../Users/lochlan.mckinno/Documents/GitHub/SanityCheckRepos/UE4 Prototypes/Swap/Swap/Saved/tex_movement_diff_Auto198D98DC6456CB6FF04E50DA16E7558E4.tmp' to '../../../../../../Users/lochlan.mckinno/Documents/GitHub/SanityCheckRepos/UE4 Prototypes/Swap/Swap/Saved/Autosaves/Game/TexturesandMats/tex_movement_diff_Auto1.uasset'
[2016.02.25-02.27.48:801][796]LogSavePackage: Total save time: 5.492277ms
[2016.02.25-02.27.48:801][796]LogSavePackage:Display: Finished SavePackage ../../../../../../Users/lochlan.mckinno/Documents/GitHub/SanityCheckRepos/UE4 Prototypes/Swap/Swap/Saved/Autosaves/Game/TexturesandMats/tex_movement_diff_Auto1.uasset
[2016.02.25-02.27.48:805][796]OBJ SavePackage: Generating thumbnails for [1] asset(s) in package [/Game/TexturesandMats/IdentityMat] ([1] browsable assets)...
[2016.02.25-02.27.48:828][796]OBJ SavePackage:     Rendered thumbnail for [Material /Game/TexturesandMats/IdentityMat.IdentityMat]
[2016.02.25-02.27.48:828][796]OBJ SavePackage: Finished generating thumbnails for package [/Game/TexturesandMats/IdentityMat]
[2016.02.25-02.27.48:841][796]LogSavePackage: Save=11.586267ms
[2016.02.25-02.27.48:841][796]LogSavePackage: Moving '../../../../../../Users/lochlan.mckinno/Documents/GitHub/SanityCheckRepos/UE4 Prototypes/Swap/Swap/Saved/IdentityMat_Auto1635EE16647660508154009BEF90558C8.tmp' to '../../../../../../Users/lochlan.mckinno/Documents/GitHub/SanityCheckRepos/UE4 Prototypes/Swap/Swap/Saved/Autosaves/Game/TexturesandMats/IdentityMat_Auto1.uasset'
[2016.02.25-02.27.48:842][796]LogSavePackage: Total save time: 12.880020ms
[2016.02.25-02.27.48:842][796]LogSavePackage:Display: Finished SavePackage ../../../../../../Users/lochlan.mckinno/Documents/GitHub/SanityCheckRepos/UE4 Prototypes/Swap/Swap/Saved/Autosaves/Game/TexturesandMats/IdentityMat_Auto1.uasset
[2016.02.25-02.27.48:842][796]LogFileHelpers: Auto-saving content packages took 0.118
[2016.02.25-02.31.39:700][273]LogSCSEditor:Warning: Calling UpdateTree() from Tick() more frequently than expected due to invalid tree node state. This might be a performance issue.
[2016.02.25-02.31.42:846][431]BlueprintLog: New page: Compile WallRun
[2016.02.25-02.31.42:997][431]LogActorComponent: UnregisterComponent: (/Engine/Transient.CharMoveComp) Not registered. Aborting.
[2016.02.25-02.31.43:037][431]BlueprintEditorCompileResults: Info [0879.63] Compile of WallRun successful! [in 190 ms]
[2016.02.25-02.32.34:846][874]LogActorFactory: Actor Factory created Cube
[2016.02.25-02.32.35:745][911]LogActorComponent: UnregisterComponent: (/Engine/Transient.CharMoveComp) Not registered. Aborting.
[2016.02.25-02.33.06:862][609]LogActorComponent: UnregisterComponent: (/Engine/Transient.CharacterMovementComponent_0) Not registered. Aborting.
[2016.02.25-02.33.16:471][  3]BlueprintLog: New page: Compile wall
[2016.02.25-02.33.16:547][  3]BlueprintEditorCompileResults: Info [0973.14] Compile of wall successful! [in 75 ms]
[2016.02.25-02.33.18:235][ 75]LogPlayLevel: PlayLevel: No blueprints needed recompiling
[2016.02.25-02.33.18:236][ 75]PIE: New page: PIE session: swapMap (Feb 26, 2016, 12:33:18 AM)
[2016.02.25-02.33.18:236][ 75]LogPlayLevel: Creating play world package: /Game/Maps/UEDPIE_0_swapMap
[2016.02.25-02.33.18:242][ 75]LogPlayLevel: PIE: StaticDuplicateObject took: (0.005927s)
[2016.02.25-02.33.18:243][ 75]LogAIModule: Creating AISystem for world swapMap
[2016.02.25-02.33.18:243][ 75]LogPlayLevel: PIE: World Init took: (0.001007s)
[2016.02.25-02.33.18:243][ 75]LogPlayLevel: PIE: Created PIE world by copying editor world from /Game/Maps/swapMap.swapMap to /Game/Maps/UEDPIE_0_swapMap.swapMap (0.007177s)
[2016.02.25-02.33.18:271][ 75]LogInit: XAudio2 using 'Speakers (Realtek High Definition Audio)' : 2 channels at 48 kHz using 32 bits per sample (channel mask 0x3)
[2016.02.25-02.33.18:280][ 75]LogInit: FAudioDevice initialized.
[2016.02.25-02.33.18:308][ 75]LogWorld: Game class is 'SwapGameMode_C'
[2016.02.25-02.33.18:317][ 75]LogWorld: Bringing World /Game/Maps/UEDPIE_0_swapMap.swapMap up for play (max tick rate 0) at 2016.02.25-13.33.18
[2016.02.25-02.33.18:317][ 75]LogActor:Warning: GameSession /Game/Maps/UEDPIE_0_swapMap.swapMap:PersistentLevel.GameSession_1 has natively added scene component(s), but none of them were set as the actor's RootComponent - picking one arbitrarily
[2016.02.25-02.33.18:317][ 75]LogActor:Warning: GameNetworkManager /Game/Maps/UEDPIE_0_swapMap.swapMap:PersistentLevel.GameNetworkManager_1 has natively added scene component(s), but none of them were set as the actor's RootComponent - picking one arbitrarily
[2016.02.25-02.33.18:317][ 75]LogWorld: Bringing up level for play took: 0.007829
[2016.02.25-02.33.18:320][ 75]PIE: Info Play in editor start time for /Game/Maps/UEDPIE_0_swapMap 0.318
[2016.02.25-02.33.20:629][262]LogParticles: Destroying 0 GPU particle simulations for FXSystem 0x000000003D16FF60
[2016.02.25-02.34.11:108][254]LogEditorViewport: Clicking on Actor (LMB): StaticMeshActor (Cube8)
[2016.02.25-02.34.11:145][254]LogEditorViewport: Clicking on Component (LMB): StaticMeshComponent (StaticMeshComponent0)
[2016.02.25-02.34.15:814][537]LogEditorViewport: Clicking on Component (LMB): StaticMeshComponent (StaticMeshComponent0)
[2016.02.25-02.34.20:244][791]LogEditorViewport: Clicking on Actor (LMB): BP_Sky_Sphere_C (Sky Sphere)
[2016.02.25-02.34.20:383][796]LogEditorViewport: Clicking on Component (LMB): StaticMeshComponent (Sky Sphere mesh)
[2016.02.25-02.34.20:847][824]LogEditorViewport: Clicking on Actor (LMB): WallRun_C (WallRun3)
[2016.02.25-02.34.20:952][827]LogEditorViewport: Clicking on Actor (double click): BP_Sky_Sphere_C (Sky Sphere)
[2016.02.25-02.34.21:637][870]LogEditorViewport: Clicking on Actor (LMB): WallRun_C (WallRun3)
[2016.02.25-02.34.28:018][241]LogEditorViewport: Clicking on Actor (LMB): wall_C (wall)
[2016.02.25-02.37.17:090][446]LogActorComponent: UnregisterComponent: (/Engine/Transient.CharMoveComp) Not registered. Aborting.
[2016.02.25-02.37.19:310][446]LogObjectTools:Warning: ForceReplaceReferences replaced references for a transient object 'K2Node_Event_193' or package '/Engine/Transient'.
[2016.02.25-02.37.19:310][446]LogObjectTools:Warning: ForceReplaceReferences replaced references for a transient object 'K2Node_Event_192' or package '/Engine/Transient'.
[2016.02.25-02.37.19:310][446]LogObjectTools:Warning: ForceReplaceReferences replaced references for a transient object 'K2Node_Event_191' or package '/Engine/Transient'.
[2016.02.25-02.37.19:311][446]LogObjectTools:Warning: ForceReplaceReferences replaced references for a transient object 'DEADCLASS_wall_C_1' or package '/Engine/Transient'.
[2016.02.25-02.37.19:311][446]LogObjectTools:Warning: ForceReplaceReferences replaced references for a transient object 'DEADCLASS_wall_C_0' or package '/Engine/Transient'.
[2016.02.25-02.37.19:311][446]LogObjectTools:Warning: ForceReplaceReferences replaced references for a transient object 'REINST_SKEL_wall_C_83' or package '/Engine/Transient'.
[2016.02.25-02.37.19:311][446]LogObjectTools:Warning: ForceReplaceReferences replaced references for a transient object 'REINST_wall_C_82' or package '/Engine/Transient'.
[2016.02.25-02.37.19:333][446]LogParticles: Destroying 0 GPU particle simulations for FXSystem 0x0000000016E54220
[2016.02.25-02.37.19:335][446]LogParticles: Destroying 0 GPU particle simulations for FXSystem 0x00000000512D5E40
[2016.02.25-02.37.22:040][551]LogActorFactory: Actor Factory created Cube
[2016.02.25-02.37.27:856][863]LogActorFactory: Actor Factory created Cube
[2016.02.25-02.37.28:674][897]LogActorComponent: UnregisterComponent: (/Engine/Transient.CharMoveComp) Not registered. Aborting.
[2016.02.25-02.37.42:046][416]LogActorComponent: UnregisterComponent: (/Engine/Transient.CharacterMovementComponent_1) Not registered. Aborting.
[2016.02.25-02.38.31:343][953]BlueprintLog: New page: Compile WallRun
[2016.02.25-02.38.31:535][953]BlueprintEditorCompileResults: Info [1288.15] Compile of WallRun successful! [in 192 ms]
[2016.02.25-02.38.32:990][ 21]LogPlayLevel: PlayLevel: No blueprints needed recompiling
[2016.02.25-02.38.32:990][ 21]PIE: New page: PIE session: swapMap (Feb 26, 2016, 12:38:32 AM)
[2016.02.25-02.38.32:990][ 21]LogPlayLevel: Creating play world package: /Game/Maps/UEDPIE_0_swapMap
[2016.02.25-02.38.32:996][ 21]LogPlayLevel: PIE: StaticDuplicateObject took: (0.006315s)
[2016.02.25-02.38.32:997][ 21]LogAIModule: Creating AISystem for world swapMap
[2016.02.25-02.38.32:997][ 21]LogPlayLevel: PIE: World Init took: (0.001015s)
[2016.02.25-02.38.32:998][ 21]LogPlayLevel: PIE: Created PIE world by copying editor world from /Game/Maps/swapMap.swapMap to /Game/Maps/UEDPIE_0_swapMap.swapMap (0.007538s)
[2016.02.25-02.38.33:025][ 21]LogInit: XAudio2 using 'Speakers (Realtek High Definition Audio)' : 2 channels at 48 kHz using 32 bits per sample (channel mask 0x3)
[2016.02.25-02.38.33:034][ 21]LogInit: FAudioDevice initialized.
[2016.02.25-02.38.33:064][ 21]LogWorld: Game class is 'SwapGameMode_C'
[2016.02.25-02.38.33:073][ 21]LogWorld: Bringing World /Game/Maps/UEDPIE_0_swapMap.swapMap up for play (max tick rate 0) at 2016.02.25-13.38.33
[2016.02.25-02.38.33:073][ 21]LogActor:Warning: GameSession /Game/Maps/UEDPIE_0_swapMap.swapMap:PersistentLevel.GameSession_2 has natively added scene component(s), but none of them were set as the actor's RootComponent - picking one arbitrarily
[2016.02.25-02.38.33:073][ 21]LogActor:Warning: GameNetworkManager /Game/Maps/UEDPIE_0_swapMap.swapMap:PersistentLevel.GameNetworkManager_2 has natively added scene component(s), but none of them were set as the actor's RootComponent - picking one arbitrarily
[2016.02.25-02.38.33:073][ 21]LogWorld: Bringing up level for play took: 0.007904
[2016.02.25-02.38.33:076][ 21]PIE: Info Play in editor start time for /Game/Maps/UEDPIE_0_swapMap -0.91
[2016.02.25-02.38.36:711][317]LogBlueprintUserMessages: [SwapMan_C_0] X=-1.000 Y=0.000 Z=0.000
[2016.02.25-02.38.36:711][317]LogBlueprintUserMessages: [SwapMan_C_0] X=-0.832 Y=0.555 Z=0.000
[2016.02.25-02.38.36:711][317]LogBlueprintUserMessages: [SwapMan_C_0] true
[2016.02.25-02.38.41:237][700]LogBlueprintUserMessages: [SwapMan_C_0] X=0.000 Y=-1.000 Z=0.000
[2016.02.25-02.38.41:237][700]LogBlueprintUserMessages: [SwapMan_C_0] X=-0.593 Y=0.805 Z=0.000
[2016.02.25-02.38.41:237][700]LogBlueprintUserMessages: [SwapMan_C_0] false
[2016.02.25-02.38.44:289][951]LogBlueprintUserMessages: [SwapMan_C_0] X=1.000 Y=0.000 Z=0.000
[2016.02.25-02.38.44:289][951]LogBlueprintUserMessages: [SwapMan_C_0] X=0.919 Y=-0.394 Z=0.000
[2016.02.25-02.38.44:289][951]LogBlueprintUserMessages: [SwapMan_C_0] true
[2016.02.25-02.38.50:607][469]LogBlueprintUserMessages: [SwapMan_C_0] X=-0.000 Y=1.000 Z=0.000
[2016.02.25-02.38.50:607][469]LogBlueprintUserMessages: [SwapMan_C_0] X=-0.037 Y=-0.999 Z=0.000
[2016.02.25-02.38.52:330][602]LogBlueprintUserMessages: [SwapMan_C_0] X=0.000 Y=0.000 Z=1.000
[2016.02.25-02.38.52:330][602]LogBlueprintUserMessages: [SwapMan_C_0] X=-0.037 Y=-0.999 Z=0.000
[2016.02.25-02.38.55:708][877]LogBlueprintUserMessages: [SwapMan_C_0] X=0.000 Y=-1.000 Z=0.000
[2016.02.25-02.38.55:708][877]LogBlueprintUserMessages: [SwapMan_C_0] X=0.034 Y=0.999 Z=0.000
[2016.02.25-02.39.02:217][424]LogBlueprintUserMessages: [SwapMan_C_0] X=1.000 Y=0.000 Z=0.000
[2016.02.25-02.39.02:217][424]LogBlueprintUserMessages: [SwapMan_C_0] X=0.918 Y=-0.397 Z=0.000
[2016.02.25-02.39.02:217][424]LogBlueprintUserMessages: [SwapMan_C_0] true
[2016.02.25-02.39.12:372][280]LogParticles: Destroying 0 GPU particle simulations for FXSystem 0x0000000064C5DEE0
[2016.02.25-02.39.14:207][382]LogEditorViewport: Clicking on Actor (LMB): SwapObjectTest_C (SwapObjectTest11)
[2016.02.25-02.39.16:104][489]LogEditorViewport: Clicking on Actor (LMB): StaticMeshActor (Cube27)
[2016.02.25-02.39.16:711][524]LogEditorViewport: Clicking on Actor (CTRL LMB): SwapObjectTest_C (SwapObjectTest11)
[2016.02.25-02.39.25:505][ 29]LogEditorViewport: Clicking on Actor (LMB): BP_Sky_Sphere_C (Sky Sphere)
[2016.02.25-02.39.27:215][115]LogEditorViewport: Clicking on Actor (LMB): SwapObjectTest_C (SwapObjectTest13)
[2016.02.25-02.39.30:986][294]LogPlayLevel: PlayLevel: No blueprints needed recompiling
[2016.02.25-02.39.30:986][294]PIE: New page: PIE session: swapMap (Feb 26, 2016, 12:39:30 AM)
[2016.02.25-02.39.30:986][294]LogPlayLevel: Creating play world package: /Game/Maps/UEDPIE_0_swapMap
[2016.02.25-02.39.30:992][294]LogPlayLevel: PIE: StaticDuplicateObject took: (0.006077s)
[2016.02.25-02.39.30:993][294]LogAIModule: Creating AISystem for world swapMap
[2016.02.25-02.39.30:993][294]LogPlayLevel: PIE: World Init took: (0.001213s)
[2016.02.25-02.39.30:994][294]LogPlayLevel: PIE: Created PIE world by copying editor world from /Game/Maps/swapMap.swapMap to /Game/Maps/UEDPIE_0_swapMap.swapMap (0.007495s)
[2016.02.25-02.39.31:023][294]LogInit: XAudio2 using 'Speakers (Realtek High Definition Audio)' : 2 channels at 48 kHz using 32 bits per sample (channel mask 0x3)
[2016.02.25-02.39.31:032][294]LogInit: FAudioDevice initialized.
[2016.02.25-02.39.31:060][294]LogWorld: Game class is 'SwapGameMode_C'
[2016.02.25-02.39.31:069][294]LogWorld: Bringing World /Game/Maps/UEDPIE_0_swapMap.swapMap up for play (max tick rate 0) at 2016.02.25-13.39.31
[2016.02.25-02.39.31:069][294]LogActor:Warning: GameSession /Game/Maps/UEDPIE_0_swapMap.swapMap:PersistentLevel.GameSession_3 has natively added scene component(s), but none of them were set as the actor's RootComponent - picking one arbitrarily
[2016.02.25-02.39.31:069][294]LogActor:Warning: GameNetworkManager /Game/Maps/UEDPIE_0_swapMap.swapMap:PersistentLevel.GameNetworkManager_3 has natively added scene component(s), but none of them were set as the actor's RootComponent - picking one arbitrarily
[2016.02.25-02.39.31:069][294]LogWorld: Bringing up level for play took: 0.008045
[2016.02.25-02.39.31:072][294]PIE: Info Play in editor start time for /Game/Maps/UEDPIE_0_swapMap -0.911
[2016.02.25-02.39.43:346][331]LogParticles: Destroying 0 GPU particle simulations for FXSystem 0x000000005DBF36A0
[2016.02.25-02.39.51:981][802]LogPlayLevel: PlayLevel: No blueprints needed recompiling
[2016.02.25-02.39.51:982][802]PIE: New page: PIE session: swapMap (Feb 26, 2016, 12:39:51 AM)
[2016.02.25-02.39.51:982][802]LogPlayLevel: Creating play world package: /Game/Maps/UEDPIE_0_swapMap
[2016.02.25-02.39.51:988][802]LogPlayLevel: PIE: StaticDuplicateObject took: (0.006230s)
[2016.02.25-02.39.51:989][802]LogAIModule: Creating AISystem for world swapMap
[2016.02.25-02.39.51:989][802]LogPlayLevel: PIE: World Init took: (0.001097s)
[2016.02.25-02.39.51:989][802]LogPlayLevel: PIE: Created PIE world by copying editor world from /Game/Maps/swapMap.swapMap to /Game/Maps/UEDPIE_0_swapMap.swapMap (0.007593s)
[2016.02.25-02.39.52:018][802]LogInit: XAudio2 using 'Speakers (Realtek High Definition Audio)' : 2 channels at 48 kHz using 32 bits per sample (channel mask 0x3)
[2016.02.25-02.39.52:026][802]LogInit: FAudioDevice initialized.
[2016.02.25-02.39.52:060][802]LogWorld: Game class is 'SwapGameMode_C'
[2016.02.25-02.39.52:069][802]LogWorld: Bringing World /Game/Maps/UEDPIE_0_swapMap.swapMap up for play (max tick rate 0) at 2016.02.25-13.39.52
[2016.02.25-02.39.52:069][802]LogActor:Warning: GameSession /Game/Maps/UEDPIE_0_swapMap.swapMap:PersistentLevel.GameSession_4 has natively added scene component(s), but none of them were set as the actor's RootComponent - picking one arbitrarily
[2016.02.25-02.39.52:069][802]LogActor:Warning: GameNetworkManager /Game/Maps/UEDPIE_0_swapMap.swapMap:PersistentLevel.GameNetworkManager_4 has natively added scene component(s), but none of them were set as the actor's RootComponent - picking one arbitrarily
[2016.02.25-02.39.52:069][802]LogWorld: Bringing up level for play took: 0.007942
[2016.02.25-02.39.52:072][802]PIE: Info Play in editor start time for /Game/Maps/UEDPIE_0_swapMap 0.09
[2016.02.25-02.40.01:788][611]LogBlueprintUserMessages: [SwapMan_C_2] X=0.000 Y=-1.000 Z=0.000
[2016.02.25-02.40.01:789][611]LogBlueprintUserMessages: [SwapMan_C_2] X=0.015 Y=1.000 Z=0.000
[2016.02.25-02.40.04:473][830]LogBlueprintUserMessages: [SwapMan_C_2] X=0.000 Y=0.000 Z=1.000
[2016.02.25-02.40.04:473][830]LogBlueprintUserMessages: [SwapMan_C_2] X=-0.097 Y=0.995 Z=0.000
[2016.02.25-02.40.16:230][779]LogBlueprintUserMessages: [SwapMan_C_2] X=0.000 Y=-1.000 Z=-0.000
[2016.02.25-02.40.16:230][779]LogBlueprintUserMessages: [SwapMan_C_2] X=-0.372 Y=-0.928 Z=0.000
[2016.02.25-02.40.16:230][779]LogBlueprintUserMessages: [SwapMan_C_2] true
[2016.02.25-02.40.19:391][ 38]LogParticles: Destroying 0 GPU particle simulations for FXSystem 0x000000003CB83740
[2016.02.25-02.40.23:393][282]Cmd: SELECT NONE
[2016.02.25-02.40.25:484][389]LogEditorViewport: Clicking on Actor (LMB): StaticMeshActor (Cube33)
[2016.02.25-02.40.33:889][844]LogEditorViewport: Clicking on Actor (context menu): WallRun_C (WallRun7)
[2016.02.25-02.40.36:338][973]LogEditorViewport: Clicking on Actor (LMB): WallRun_C (WallRun9)
[2016.02.25-02.40.40:441][193]Cmd: TRANSACTION UNDO
[2016.02.25-02.40.40:441][193]LogEditorTransaction: Undo Move Actors
[2016.02.25-02.41.12:920][912]LogEditorViewport: Clicking on Actor (LMB): WallRun_C (WallRun7)
[2016.02.25-02.41.13:395][934]LogEditorViewport: Clicking on Actor (CTRL LMB): StaticMeshActor (Cube32)
[2016.02.25-02.41.13:753][951]LogEditorViewport: Clicking on Actor (CTRL LMB): StaticMeshActor (Cube33)
[2016.02.25-02.41.15:048][ 24]LogEditorViewport: Clicking on Actor (CTRL LMB): BP_Sky_Sphere_C (Sky Sphere)
[2016.02.25-02.41.15:509][ 48]LogEditorViewport: Clicking on Actor (CTRL LMB): StaticMeshActor (Cube34)
[2016.02.25-02.41.15:972][ 73]LogEditorViewport: Clicking on Actor (CTRL LMB): WallRun_C (WallRun8)
[2016.02.25-02.41.24:624][556]LogEditorViewport: Clicking on Actor (LMB): BP_Sky_Sphere_C (Sky Sphere)
[2016.02.25-02.41.24:985][576]LogEditorViewport: Clicking on Actor (LMB): StaticMeshActor (Cube35)
[2016.02.25-02.41.26:369][656]LogEditorViewport: Clicking on Actor (CTRL LMB): StaticMeshActor (Cube31)
[2016.02.25-02.41.30:166][879]LogEditorViewport: Clicking on Actor (LMB): BP_Sky_Sphere_C (Sky Sphere)
[2016.02.25-02.41.33:042][ 39]LogEditorViewport: Clicking on Actor (LMB): StaticMeshActor (Cube33)
[2016.02.25-02.41.48:806][885]LogPlayLevel: PlayLevel: No blueprints needed recompiling
[2016.02.25-02.41.48:806][885]PIE: New page: PIE session: swapMap (Feb 26, 2016, 12:41:48 AM)
[2016.02.25-02.41.48:806][885]LogPlayLevel: Creating play world package: /Game/Maps/UEDPIE_0_swapMap
[2016.02.25-02.41.48:814][885]LogPlayLevel: PIE: StaticDuplicateObject took: (0.007689s)
[2016.02.25-02.41.48:814][885]LogAIModule: Creating AISystem for world swapMap
[2016.02.25-02.41.48:814][885]LogPlayLevel: PIE: World Init took: (0.000818s)
[2016.02.25-02.41.48:815][885]LogPlayLevel: PIE: Created PIE world by copying editor world from /Game/Maps/swapMap.swapMap to /Game/Maps/UEDPIE_0_swapMap.swapMap (0.008738s)
[2016.02.25-02.41.48:847][885]LogInit: XAudio2 using 'Speakers (Realtek High Definition Audio)' : 2 channels at 48 kHz using 32 bits per sample (channel mask 0x3)
[2016.02.25-02.41.48:855][885]LogInit: FAudioDevice initialized.
[2016.02.25-02.41.48:884][885]LogWorld: Game class is 'SwapGameMode_C'
[2016.02.25-02.41.48:893][885]LogWorld: Bringing World /Game/Maps/UEDPIE_0_swapMap.swapMap up for play (max tick rate 0) at 2016.02.25-13.41.48
[2016.02.25-02.41.48:893][885]LogActor:Warning: GameSession /Game/Maps/UEDPIE_0_swapMap.swapMap:PersistentLevel.GameSession_5 has natively added scene component(s), but none of them were set as the actor's RootComponent - picking one arbitrarily
[2016.02.25-02.41.48:893][885]LogActor:Warning: GameNetworkManager /Game/Maps/UEDPIE_0_swapMap.swapMap:PersistentLevel.GameNetworkManager_5 has natively added scene component(s), but none of them were set as the actor's RootComponent - picking one arbitrarily
[2016.02.25-02.41.48:893][885]LogWorld: Bringing up level for play took: 0.008441
[2016.02.25-02.41.48:896][885]PIE: Info Play in editor start time for /Game/Maps/UEDPIE_0_swapMap 0.92
[2016.02.25-02.42.01:318][930]LogBlueprintUserMessages: [SwapMan_C_3] X=0.000 Y=-1.000 Z=0.000
[2016.02.25-02.42.01:318][930]LogBlueprintUserMessages: [SwapMan_C_3] X=-0.080 Y=0.997 Z=0.000
[2016.02.25-02.42.08:414][476]LogBlueprintUserMessages: [SwapMan_C_3] X=0.000 Y=-1.000 Z=-0.000
[2016.02.25-02.42.08:414][476]LogBlueprintUserMessages: [SwapMan_C_3] X=-0.284 Y=-0.959 Z=0.000
[2016.02.25-02.42.08:414][476]LogBlueprintUserMessages: [SwapMan_C_3] true
[2016.02.25-02.42.11:941][771]LogParticles: Destroying 0 GPU particle simulations for FXSystem 0x000000005EFF2200
[2016.02.25-02.42.13:251][825]LogPlayLevel: PlayLevel: No blueprints needed recompiling
[2016.02.25-02.42.13:252][825]PIE: New page: PIE session: swapMap (Feb 26, 2016, 12:42:13 AM)
[2016.02.25-02.42.13:252][825]LogPlayLevel: Creating play world package: /Game/Maps/UEDPIE_0_swapMap
[2016.02.25-02.42.13:259][825]LogPlayLevel: PIE: StaticDuplicateObject took: (0.006854s)
[2016.02.25-02.42.13:259][825]LogAIModule: Creating AISystem for world swapMap
[2016.02.25-02.42.13:260][825]LogPlayLevel: PIE: World Init took: (0.000869s)
[2016.02.25-02.42.13:260][825]LogPlayLevel: PIE: Created PIE world by copying editor world from /Game/Maps/swapMap.swapMap to /Game/Maps/UEDPIE_0_swapMap.swapMap (0.007936s)
[2016.02.25-02.42.13:288][825]LogInit: XAudio2 using 'Speakers (Realtek High Definition Audio)' : 2 channels at 48 kHz using 32 bits per sample (channel mask 0x3)
[2016.02.25-02.42.13:297][825]LogInit: FAudioDevice initialized.
[2016.02.25-02.42.13:331][825]LogWorld: Game class is 'SwapGameMode_C'
[2016.02.25-02.42.13:340][825]LogWorld: Bringing World /Game/Maps/UEDPIE_0_swapMap.swapMap up for play (max tick rate 0) at 2016.02.25-13.42.13
[2016.02.25-02.42.13:340][825]LogActor:Warning: GameSession /Game/Maps/UEDPIE_0_swapMap.swapMap:PersistentLevel.GameSession_6 has natively added scene component(s), but none of them were set as the actor's RootComponent - picking one arbitrarily
[2016.02.25-02.42.13:340][825]LogActor:Warning: GameNetworkManager /Game/Maps/UEDPIE_0_swapMap.swapMap:PersistentLevel.GameNetworkManager_6 has natively added scene component(s), but none of them were set as the actor's RootComponent - picking one arbitrarily
[2016.02.25-02.42.13:340][825]LogWorld: Bringing up level for play took: 0.008198
[2016.02.25-02.42.13:343][825]PIE: Info Play in editor start time for /Game/Maps/UEDPIE_0_swapMap -0.633
[2016.02.25-02.42.22:497][585]LogBlueprintUserMessages: [SwapMan_C_4] X=0.000 Y=-1.000 Z=0.000
[2016.02.25-02.42.22:497][585]LogBlueprintUserMessages: [SwapMan_C_4] X=0.072 Y=0.997 Z=0.000
[2016.02.25-02.42.29:168][114]LogParticles: Destroying 0 GPU particle simulations for FXSystem 0x0000000041FA7060
[2016.02.25-02.42.31:846][255]MapCheck: New page: Map Check
[2016.02.25-02.42.31:872][255]Cmd: MAP REBUILD ALLVISIBLE
[2016.02.25-02.42.31:872][255]LogEditorServer: Rebuildmap Clear paths rebuilt
[2016.02.25-02.42.31:924][255]MapCheck:Warning: Warning WorldSettings_1 Hierarchical LOD System is disabled or no HLOD level settings available, unable to build LOD actors. 
[2016.02.25-02.42.31:924][255]LogStats:          STAT_HLOD_BuildClusters - 23.651 ms
[2016.02.25-02.42.31:924][255]LightingResults: New page: Lighting Build - Feb 26, 2016, 12:42:31 AM
[2016.02.25-02.42.36:886][255]LogStaticLightingSystem:Warning: No importance volume found, so the scene bounding box was used.  You can optimize your scene's quality and lighting build times by adding importance volumes.
[2016.02.25-02.42.36:887][255]LogStaticLightingSystem: Running Lightmass w/ ImmediateImport mode ENABLED
[2016.02.25-02.42.36:887][255]LogStaticLightingSystem: Running Lightmass w/ ImmediateProcess mode ENABLED
[2016.02.25-02.42.36:887][255]LogStaticLightingSystem: Running Lightmass w/ Sorting mode ENABLED
[2016.02.25-02.42.36:887][255]LogStaticLightingSystem: Running Lightmass w/ Mapping paddings ENABLED
[2016.02.25-02.42.36:887][255]LogStaticLightingSystem: Running Lightmass w/ Mapping debug paddings DISABLED
[2016.02.25-02.42.37:084][255]LogEditorBuildUtils: Build time 0:00:05
[2016.02.25-02.42.39:398][309]Job is a success!
[2016.02.25-02.42.39:583][310]LogTexture:Display: Building textures: HQ_Lightmap1_1 (AutoDXT)
[2016.02.25-02.42.39:602][310]LogTexture:Display: Building textures: LQ_Lightmap_0_12 (DXT1)
[2016.02.25-02.42.39:603][310]LogTexture:Display: Building textures: HQ_Lightmap0_12 (AutoDXT)
[2016.02.25-02.42.39:603][310]LogTexture:Display: Building textures: LQ_Lightmap_0_11 (DXT1)
[2016.02.25-02.42.39:605][310]LogTexture:Display: Building textures: HQ_Lightmap0_11 (AutoDXT)
[2016.02.25-02.42.39:614][310]LogTexture:Display: Building textures: LQ_Lightmap_0_10 (DXT1)
[2016.02.25-02.42.39:616][310]LogTexture:Display: Building textures: HQ_Lightmap0_10 (AutoDXT)
[2016.02.25-02.42.39:631][310]LogTexture:Display: Building textures: LQ_Lightmap_0_9 (DXT1)
[2016.02.25-02.42.39:637][310]LogTexture:Display: Building textures: HQ_Lightmap0_9 (AutoDXT)
[2016.02.25-02.42.39:655][310]LogTexture:Display: Building textures: LQ_Lightmap_1_8 (DXT1)
[2016.02.25-02.42.39:664][310]LogTexture:Display: Building textures: HQ_Lightmap1_8 (AutoDXT)
[2016.02.25-02.42.39:682][310]LogTexture:Display: Building textures: LQ_Lightmap_1_7 (DXT1)
[2016.02.25-02.42.39:688][310]LogTexture:Display: Building textures: HQ_Lightmap1_7 (AutoDXT)
[2016.02.25-02.42.39:709][310]LogTexture:Display: Building textures: LQ_Lightmap_0_6 (DXT1)
[2016.02.25-02.42.39:715][310]LogTexture:Display: Building textures: HQ_Lightmap0_6 (AutoDXT)
[2016.02.25-02.42.39:739][310]LogTexture:Display: Building textures: LQ_Lightmap_0_5 (DXT1)
[2016.02.25-02.42.39:748][310]LogTexture:Display: Building textures: HQ_Lightmap0_5 (AutoDXT)
[2016.02.25-02.42.39:767][310]LogTexture:Display: Building textures: LQ_Lightmap_1_4 (DXT1)
[2016.02.25-02.42.39:776][310]LogTexture:Display: Building textures: HQ_Lightmap1_4 (AutoDXT)
[2016.02.25-02.42.39:803][310]LogTexture:Display: Building textures: LQ_Lightmap_1_3 (DXT1)
[2016.02.25-02.42.39:822][310]LogTexture:Display: Building textures: HQ_Lightmap1_3 (AutoDXT)
[2016.02.25-02.42.39:879][310]LogTexture:Display: Building textures: LQ_Lightmap_1_2 (DXT1)
[2016.02.25-02.42.39:884][310]LogTexture:Display: Building textures: HQ_Lightmap1_2 (AutoDXT)
[2016.02.25-02.42.39:904][310]LogTexture:Display: Building textures: LQ_Lightmap_1_1 (DXT1)
[2016.02.25-02.42.39:923][310]LogTexture:Display: Building textures: ShadowMapTexture2D_0 (G8)
[2016.02.25-02.42.39:931][310]LogTexture:Display: Building textures: ShadowMapTexture2D_5 (G8)
[2016.02.25-02.42.39:963][310]LogTexture:Display: Building textures: ShadowMapTexture2D_6 (G8)
[2016.02.25-02.42.39:981][310]LogTexture:Display: Building textures: ShadowMapTexture2D_8 (G8)
[2016.02.25-02.42.39:990][310]LogTexture:Display: Building textures: ShadowMapTexture2D_10 (G8)
[2016.02.25-02.42.39:998][310]LogTexture:Display: Building textures: ShadowMapTexture2D_11 (G8)
[2016.02.25-02.42.40:007][310]LogTexture:Display: Building textures: ShadowMapTexture2D_12 (G8)
[2016.02.25-02.42.40:016][310]LogTexture:Display: Building textures: ShadowMapTexture2D_13 (G8)
[2016.02.25-02.42.40:024][310]LogTexture:Display: Building textures: ShadowMapTexture2D_14 (G8)
[2016.02.25-02.42.40:027][310]LogTexture:Display: Building textures: ShadowMapTexture2D_15 (G8)
[2016.02.25-02.42.40:030][310]LogTexture:Display: Building textures: ShadowMapTexture2D_16 (G8)
[2016.02.25-02.42.40:031][310]LogTexture:Display: Building textures: ShadowMapTexture2D_17 (G8)
[2016.02.25-02.42.40:079][310]Lightmass on HARST-E0B24C: 1.89 sec total, 90 ms importing, 2 ms setup, 348 ms photons, 1.32 sec processing, 0 ms extra exporting [38/38 mappings]. Threads: 9.15 sec total, 3.45 sec processing.
[2016.02.25-02.42.40:116][310]LogStaticLightingSystem: Illumination: 8.12 sec (506 ms encoding lightmaps)
[2016.02.25-02.42.40:116][310]LogStaticLightingSystem: Lightmap texture memory:  1.0 MB (1.0 MB streaming, 0.0 MB non-streaming), 24 textures
[2016.02.25-02.42.40:116][310]LogStaticLightingSystem: Shadowmap texture memory: 0.5 MB (0.5 MB streaming, 0.0 MB non-streaming), 12 textures
[2016.02.25-02.42.40:903][311]Cmd: MAP CHECK NOTIFYRESULTS
[2016.02.25-02.42.40:903][311]MapCheck: New page: swapMap - Feb 26, 2016, 12:42:40 AM
[2016.02.25-02.42.41:004][311]MapCheck: Info Map check complete: 0 Error(s), 0 Warning(s), took 101.184ms to complete.
[2016.02.25-02.42.56:249][184]LogEditorViewport: Clicking on Actor (LMB): StaticMeshActor (Cube30)
[2016.02.25-02.42.57:858][280]Cmd: DELETE
[2016.02.25-02.42.57:858][280]Cmd: ACTOR DELETE
[2016.02.25-02.42.57:859][280]LogEditorActor: Deleted Actor: StaticMeshActor
[2016.02.25-02.42.57:898][280]LogEditorActor: Deleted 1 Actors (0.040 secs)
[2016.02.25-02.42.59:322][369]LogEditorViewport: Clicking on Actor (LMB): StaticMeshActor (Cube29)
[2016.02.25-02.43.05:790][752]LogEditorViewport: Clicking on Actor (LMB): BP_Sky_Sphere_C (Sky Sphere)
[2016.02.25-02.43.12:433][106]LogEditorViewport: Clicking on Actor (LMB): StaticMeshActor (Cube33)
[2016.02.25-02.43.18:728][470]MapCheck: New page: Map Check
[2016.02.25-02.43.18:755][470]Cmd: MAP REBUILD ALLVISIBLE
[2016.02.25-02.43.18:755][470]LogEditorServer: Rebuildmap Clear paths rebuilt
[2016.02.25-02.43.18:801][470]MapCheck:Warning: Warning WorldSettings_1 Hierarchical LOD System is disabled or no HLOD level settings available, unable to build LOD actors. 
[2016.02.25-02.43.18:801][470]LogStats:          STAT_HLOD_BuildClusters - 23.577 ms
[2016.02.25-02.43.18:802][470]LightingResults: New page: Lighting Build - Feb 26, 2016, 12:43:18 AM
[2016.02.25-02.43.23:470][470]LogStaticLightingSystem:Warning: No importance volume found, so the scene bounding box was used.  You can optimize your scene's quality and lighting build times by adding importance volumes.
[2016.02.25-02.43.23:470][470]LogStaticLightingSystem: Running Lightmass w/ ImmediateImport mode ENABLED
[2016.02.25-02.43.23:471][470]LogStaticLightingSystem: Running Lightmass w/ ImmediateProcess mode ENABLED
[2016.02.25-02.43.23:471][470]LogStaticLightingSystem: Running Lightmass w/ Sorting mode ENABLED
[2016.02.25-02.43.23:471][470]LogStaticLightingSystem: Running Lightmass w/ Mapping paddings ENABLED
[2016.02.25-02.43.23:471][470]LogStaticLightingSystem: Running Lightmass w/ Mapping debug paddings DISABLED
[2016.02.25-02.43.23:525][470]LogEditorBuildUtils: Build time 0:00:04
[2016.02.25-02.43.25:698][478]Job is a success!
[2016.02.25-02.43.26:122][479]LogTexture:Display: Building textures: HQ_Lightmap0_1 (AutoDXT)
[2016.02.25-02.43.26:138][479]LogTexture:Display: Building textures: LQ_Lightmap_0_13 (DXT1)
[2016.02.25-02.43.26:139][479]LogTexture:Display: Building textures: HQ_Lightmap0_13 (AutoDXT)
[2016.02.25-02.43.26:139][479]LogTexture:Display: Building textures: LQ_Lightmap_1_12 (DXT1)
[2016.02.25-02.43.26:141][479]LogTexture:Display: Building textures: HQ_Lightmap1_12 (AutoDXT)
[2016.02.25-02.43.26:149][479]LogTexture:Display: Building textures: LQ_Lightmap_1_11 (DXT1)
[2016.02.25-02.43.26:152][479]LogTexture:Display: Building textures: HQ_Lightmap1_11 (AutoDXT)
[2016.02.25-02.43.26:165][479]LogTexture:Display: Building textures: LQ_Lightmap_1_10 (DXT1)
[2016.02.25-02.43.26:167][479]LogTexture:Display: Building textures: HQ_Lightmap1_10 (AutoDXT)
[2016.02.25-02.43.26:171][479]LogTexture:Display: Building textures: LQ_Lightmap_1_9 (DXT1)
[2016.02.25-02.43.26:180][479]LogTexture:Display: Building textures: HQ_Lightmap1_9 (AutoDXT)
[2016.02.25-02.43.26:203][479]LogTexture:Display: Building textures: LQ_Lightmap_0_8 (DXT1)
[2016.02.25-02.43.26:213][479]LogTexture:Display: Building textures: HQ_Lightmap0_8 (AutoDXT)
[2016.02.25-02.43.26:244][479]LogTexture:Display: Building textures: LQ_Lightmap_0_7 (DXT1)
[2016.02.25-02.43.26:250][479]LogTexture:Display: Building textures: HQ_Lightmap0_7 (AutoDXT)
[2016.02.25-02.43.26:268][479]LogTexture:Display: Building textures: LQ_Lightmap_1_6 (DXT1)
[2016.02.25-02.43.26:273][479]LogTexture:Display: Building textures: HQ_Lightmap1_6 (AutoDXT)
[2016.02.25-02.43.26:296][479]LogTexture:Display: Building textures: LQ_Lightmap_1_5 (DXT1)
[2016.02.25-02.43.26:299][479]LogTexture:Display: Building textures: HQ_Lightmap1_5 (AutoDXT)
[2016.02.25-02.43.26:306][479]LogTexture:Display: Building textures: LQ_Lightmap_0_4 (DXT1)
[2016.02.25-02.43.26:315][479]LogTexture:Display: Building textures: HQ_Lightmap0_4 (AutoDXT)
[2016.02.25-02.43.26:333][479]LogTexture:Display: Building textures: LQ_Lightmap_0_3 (DXT1)
[2016.02.25-02.43.26:339][479]LogTexture:Display: Building textures: HQ_Lightmap0_3 (AutoDXT)
[2016.02.25-02.43.26:360][479]LogTexture:Display: Building textures: LQ_Lightmap_0_2 (DXT1)
[2016.02.25-02.43.26:373][479]LogTexture:Display: Building textures: HQ_Lightmap0_2 (AutoDXT)
[2016.02.25-02.43.26:404][479]LogTexture:Display: Building textures: LQ_Lightmap_0_1 (DXT1)
[2016.02.25-02.43.26:422][479]LogTexture:Display: Building textures: ShadowMapTexture2D_18 (G8)
[2016.02.25-02.43.26:431][479]LogTexture:Display: Building textures: ShadowMapTexture2D_19 (G8)
[2016.02.25-02.43.26:441][479]LogTexture:Display: Building textures: ShadowMapTexture2D_20 (G8)
[2016.02.25-02.43.26:451][479]LogTexture:Display: Building textures: ShadowMapTexture2D_21 (G8)
[2016.02.25-02.43.26:455][479]LogTexture:Display: Building textures: ShadowMapTexture2D_22 (G8)
[2016.02.25-02.43.26:457][479]LogTexture:Display: Building textures: ShadowMapTexture2D_23 (G8)
[2016.02.25-02.43.26:465][479]LogTexture:Display: Building textures: ShadowMapTexture2D_24 (G8)
[2016.02.25-02.43.26:474][479]LogTexture:Display: Building textures: ShadowMapTexture2D_25 (G8)
[2016.02.25-02.43.26:484][479]LogTexture:Display: Building textures: ShadowMapTexture2D_26 (G8)
[2016.02.25-02.43.26:487][479]LogTexture:Display: Building textures: ShadowMapTexture2D_27 (G8)
[2016.02.25-02.43.26:490][479]LogTexture:Display: Building textures: ShadowMapTexture2D_28 (G8)
[2016.02.25-02.43.26:494][479]LogTexture:Display: Building textures: ShadowMapTexture2D_29 (G8)
[2016.02.25-02.43.26:495][479]LogTexture:Display: Building textures: ShadowMapTexture2D_30 (G8)
[2016.02.25-02.43.26:526][479]Lightmass on HARST-E0B24C: 2.00 sec total, 62 ms importing, 2 ms setup, 338 ms photons, 1.58 sec processing, 0 ms extra exporting [37/37 mappings]. Threads: 10.8 sec total, 2.78 sec processing.
[2016.02.25-02.43.26:536][479]LogStaticLightingSystem: Illumination: 7.39 sec (412 ms encoding lightmaps)
[2016.02.25-02.43.26:536][479]LogStaticLightingSystem: Lightmap texture memory:  0.7 MB (0.7 MB streaming, 0.0 MB non-streaming), 26 textures
[2016.02.25-02.43.26:536][479]LogStaticLightingSystem: Shadowmap texture memory: 0.9 MB (0.9 MB streaming, 0.0 MB non-streaming), 25 textures
[2016.02.25-02.43.27:476][480]Cmd: MAP CHECK NOTIFYRESULTS
[2016.02.25-02.43.27:476][480]MapCheck: New page: swapMap - Feb 26, 2016, 12:43:27 AM
[2016.02.25-02.43.27:560][480]MapCheck: Info Map check complete: 0 Error(s), 0 Warning(s), took 82.516ms to complete.
[2016.02.25-02.43.43:090][526]LogSavePackage: Save=59.881344ms
[2016.02.25-02.43.43:090][526]LogSavePackage: Moving '../../../../../../Users/lochlan.mckinno/Documents/GitHub/SanityCheckRepos/UE4 Prototypes/Swap/Swap/Saved/swapMap_Auto21DB390434406B54645AE1B8126EB8994.tmp' to '../../../../../../Users/lochlan.mckinno/Documents/GitHub/SanityCheckRepos/UE4 Prototypes/Swap/Swap/Saved/Autosaves/Game/Maps/swapMap_Auto2.umap'
[2016.02.25-02.43.43:093][526]LogSavePackage: Total save time: 80.199540ms
[2016.02.25-02.43.43:093][526]LogSavePackage:Display: Finished SavePackage ../../../../../../Users/lochlan.mckinno/Documents/GitHub/SanityCheckRepos/UE4 Prototypes/Swap/Swap/Saved/Autosaves/Game/Maps/swapMap_Auto2.umap
[2016.02.25-02.43.43:094][526]LogFileHelpers: Editor autosave (incl. sublevels) for '/Game/Maps/swapMap' took 0.114
[2016.02.25-02.43.43:095][526]LogFileHelpers: Editor autosave (incl. sublevels) for all levels took 0.114
[2016.02.25-02.43.43:101][526]OBJ SavePackage: Generating thumbnails for [1] asset(s) in package [/Game/BluePrints/WallRun] ([1] browsable assets)...
[2016.02.25-02.43.43:133][526]OBJ SavePackage:     Rendered thumbnail for [Blueprint /Game/BluePrints/WallRun.WallRun]
[2016.02.25-02.43.43:133][526]OBJ SavePackage: Finished generating thumbnails for package [/Game/BluePrints/WallRun]
[2016.02.25-02.43.43:170][526]LogSavePackage: Save=18.681948ms
[2016.02.25-02.43.43:171][526]LogSavePackage: Moving '../../../../../../Users/lochlan.mckinno/Documents/GitHub/SanityCheckRepos/UE4 Prototypes/Swap/Swap/Saved/WallRun_Auto251709E2D4948C15C4E1C0183345AF863.tmp' to '../../../../../../Users/lochlan.mckinno/Documents/GitHub/SanityCheckRepos/UE4 Prototypes/Swap/Swap/Saved/Autosaves/Game/BluePrints/WallRun_Auto2.uasset'
[2016.02.25-02.43.43:172][526]LogSavePackage: Total save time: 37.077114ms
[2016.02.25-02.43.43:172][526]LogSavePackage:Display: Finished SavePackage ../../../../../../Users/lochlan.mckinno/Documents/GitHub/SanityCheckRepos/UE4 Prototypes/Swap/Swap/Saved/Autosaves/Game/BluePrints/WallRun_Auto2.uasset
[2016.02.25-02.43.43:172][526]LogFileHelpers: Auto-saving content packages took 0.076
[2016.02.25-02.48.36:917][407]LogSavePackage: Save=153.626831ms
[2016.02.25-02.48.36:917][407]LogSavePackage: Moving '../../../../../../Users/lochlan.mckinno/Documents/GitHub/SanityCheckRepos/UE4 Prototypes/Swap/Swap/Saved/swapMapE8BF20B144CBA83B50D36E9E38F8B38E.tmp' to '../../../../../../Users/lochlan.mckinno/Documents/GitHub/SanityCheckRepos/UE4 Prototypes/Swap/Swap/Content/Maps/swapMap.umap'
[2016.02.25-02.48.36:920][407]LogSavePackage: Total save time: 172.606125ms
[2016.02.25-02.48.36:920][407]LogSavePackage:Display: Finished SavePackage ../../../../../../Users/lochlan.mckinno/Documents/GitHub/SanityCheckRepos/UE4 Prototypes/Swap/Swap/Content/Maps/swapMap.umap
[2016.02.25-02.48.41:193][532]LogSavePackage: Save=10.691318ms
[2016.02.25-02.48.41:193][532]LogSavePackage: Moving '../../../../../../Users/lochlan.mckinno/Documents/GitHub/SanityCheckRepos/UE4 Prototypes/Swap/Swap/Saved/WallRun08700C45487EFE39030D7F9CEAE15070.tmp' to '../../../../../../Users/lochlan.mckinno/Documents/GitHub/SanityCheckRepos/UE4 Prototypes/Swap/Swap/Content/BluePrints/WallRun.uasset'
[2016.02.25-02.48.41:195][532]LogSavePackage: Total save time: 29.232219ms
[2016.02.25-02.48.41:195][532]LogSavePackage:Display: Finished SavePackage ../../../../../../Users/lochlan.mckinno/Documents/GitHub/SanityCheckRepos/UE4 Prototypes/Swap/Swap/Content/BluePrints/WallRun.uasset
[2016.02.25-02.48.41:235][532]LogSavePackage: Save=11.686554ms
[2016.02.25-02.48.41:235][532]LogSavePackage: Moving '../../../../../../Users/lochlan.mckinno/Documents/GitHub/SanityCheckRepos/UE4 Prototypes/Swap/Swap/Saved/IdentityMat73460DB8481918520F86EB83E88C943C.tmp' to '../../../../../../Users/lochlan.mckinno/Documents/GitHub/SanityCheckRepos/UE4 Prototypes/Swap/Swap/Content/TexturesandMats/IdentityMat.uasset'
[2016.02.25-02.48.41:237][532]LogSavePackage: Total save time: 13.991665ms
[2016.02.25-02.48.41:237][532]LogSavePackage:Display: Finished SavePackage ../../../../../../Users/lochlan.mckinno/Documents/GitHub/SanityCheckRepos/UE4 Prototypes/Swap/Swap/Content/TexturesandMats/IdentityMat.uasset
[2016.02.25-02.48.41:364][532]LogSavePackage: Save=6.775175ms
[2016.02.25-02.48.41:364][532]LogSavePackage: Moving '../../../../../../Users/lochlan.mckinno/Documents/GitHub/SanityCheckRepos/UE4 Prototypes/Swap/Swap/Saved/tex_movement_diffF2DC4F97428C4A8B3D97878F2594EEF0.tmp' to '../../../../../../Users/lochlan.mckinno/Documents/GitHub/SanityCheckRepos/UE4 Prototypes/Swap/Swap/Content/TexturesandMats/tex_movement_diff.uasset'
[2016.02.25-02.48.41:366][532]LogSavePackage: Total save time: 8.921649ms
[2016.02.25-02.48.41:366][532]LogSavePackage:Display: Finished SavePackage ../../../../../../Users/lochlan.mckinno/Documents/GitHub/SanityCheckRepos/UE4 Prototypes/Swap/Swap/Content/TexturesandMats/tex_movement_diff.uasset
[2016.02.25-02.48.41:773][533]Cmd: QUIT_EDITOR
[2016.02.25-02.48.41:923][533]LogExit: Preparing to exit.
[2016.02.25-02.48.42:497][533]LogExit: Editor shut down
[2016.02.25-02.48.42:497][533]LogExit: Transaction tracking system shut down
[2016.02.25-02.48.42:499][533]LogParticles: Destroying 0 GPU particle simulations for FXSystem 0x000000001301F9C0
[2016.02.25-02.48.42:499][533]LogParticles: Destroying 0 GPU particle simulations for FXSystem 0x0000000030437880
[2016.02.25-02.48.42:499][533]LogParticles: Destroying 0 GPU particle simulations for FXSystem 0x0000000030385B20
[2016.02.25-02.48.42:499][533]LogParticles: Destroying 0 GPU particle simulations for FXSystem 0x00000000353E14E0
[2016.02.25-02.48.42:499][533]LogParticles: Destroying 0 GPU particle simulations for FXSystem 0x0000000012924D60
[2016.02.25-02.48.42:504][533]LogParticles: Destroying 0 GPU particle simulations for FXSystem 0x000000003CB807C0
[2016.02.25-02.48.42:671][533]LogExit: Object subsystem successfully closed.
[2016.02.25-02.48.42:683][533]LogD3D11RHI: Shutdown
[2016.02.25-02.48.42:683][533]LogD3D11RHI: CleanupD3DDevice
[2016.02.25-02.48.42:755][533]LogD3D11RHI: ~FD3D11DynamicRHI
[2016.02.25-02.48.42:769][533]LogModuleManager: Shutting down and abandoning module CookingStats (201)
[2016.02.25-02.48.42:769][533]LogModuleManager: Shutting down and abandoning module BlueprintGraph (200)
[2016.02.25-02.48.42:769][533]LogModuleManager: Shutting down and abandoning module MaterialEditor (199)
[2016.02.25-02.48.42:769][533]LogModuleManager: Shutting down and abandoning module CrashTracker (198)
[2016.02.25-02.48.42:769][533]LogModuleManager: Shutting down and abandoning module SceneOutliner (197)
[2016.02.25-02.48.42:769][533]LogModuleManager: Shutting down and abandoning module SuperSearch (196)
[2016.02.25-02.48.42:769][533]LogModuleManager: Shutting down and abandoning module WidgetCarousel (195)
[2016.02.25-02.48.42:769][533]LogModuleManager: Shutting down and abandoning module AddContentDialog (194)
[2016.02.25-02.48.42:770][533]LogModuleManager: Shutting down and abandoning module EditorWidgets (193)
[2016.02.25-02.48.42:770][533]LogModuleManager: Shutting down and abandoning module CollectionManager (192)
[2016.02.25-02.48.42:770][533]LogModuleManager: Shutting down and abandoning module StatsViewer (191)
[2016.02.25-02.48.42:770][533]LogModuleManager: Shutting down and abandoning module FoliageEdit (190)
[2016.02.25-02.48.42:770][533]LogModuleManager: Shutting down and abandoning module LandscapeEditor (189)
[2016.02.25-02.48.42:770][533]LogModuleManager: Shutting down and abandoning module ActorPickerMode (188)
[2016.02.25-02.48.42:770][533]LogModuleManager: Shutting down and abandoning module GeometryMode (187)
[2016.02.25-02.48.42:770][533]LogModuleManager: Shutting down and abandoning module TextureAlignMode (186)
[2016.02.25-02.48.42:770][533]LogModuleManager: Shutting down and abandoning module BspMode (185)
[2016.02.25-02.48.42:770][533]LogModuleManager: Shutting down and abandoning module PlacementMode (184)
[2016.02.25-02.48.42:770][533]LogModuleManager: Shutting down and abandoning module AutomationWorker (183)
[2016.02.25-02.48.42:770][533]LogModuleManager: Shutting down and abandoning module CharacterAI (182)
[2016.02.25-02.48.42:770][533]LogModuleManager: Shutting down and abandoning module SmartSnapping (181)
[2016.02.25-02.48.42:770][533]LogModuleManager: Shutting down and abandoning module ViewportSnapping (180)
[2016.02.25-02.48.42:770][533]LogModuleManager: Shutting down and abandoning module LogVisualizer (179)
[2016.02.25-02.48.42:770][533]LogModuleManager: Shutting down and abandoning module GameProjectGeneration (178)
[2016.02.25-02.48.42:770][533]LogModuleManager: Shutting down and abandoning module IntroTutorials (177)
[2016.02.25-02.48.42:771][533]LogModuleManager: Shutting down and abandoning module EditorLiveStreaming (176)
[2016.02.25-02.48.42:771][533]LogModuleManager: Shutting down and abandoning module IOSPlatformEditor (175)
[2016.02.25-02.48.42:771][533]LogModuleManager: Shutting down and abandoning module HTML5PlatformEditor (174)
[2016.02.25-02.48.42:771][533]LogModuleManager: Shutting down and abandoning module AndroidDeviceDetection (173)
[2016.02.25-02.48.43:769][533]LogModuleManager: Shutting down and abandoning module AndroidPlatformEditor (172)
[2016.02.25-02.48.43:769][533]LogModuleManager: Shutting down and abandoning module IOSRuntimeSettings (171)
[2016.02.25-02.48.43:769][533]LogModuleManager: Shutting down and abandoning module AndroidRuntimeSettings (170)
[2016.02.25-02.48.43:769][533]LogModuleManager: Shutting down and abandoning module MergeActors (169)
[2016.02.25-02.48.43:769][533]LogModuleManager: Shutting down and abandoning module SizeMap (168)
[2016.02.25-02.48.43:769][533]LogModuleManager: Shutting down and abandoning module TreeMap (167)
[2016.02.25-02.48.43:769][533]LogModuleManager: Shutting down and abandoning module ReferenceViewer (166)
[2016.02.25-02.48.43:769][533]LogModuleManager: Shutting down and abandoning module LocalizationService (165)
[2016.02.25-02.48.43:769][533]LogModuleManager: Shutting down and abandoning module LocalizationDashboard (164)
[2016.02.25-02.48.43:769][533]LogModuleManager: Shutting down and abandoning module HardwareTargeting (163)
[2016.02.25-02.48.43:769][533]LogModuleManager: Shutting down and abandoning module DeviceProfileEditor (162)
[2016.02.25-02.48.43:769][533]LogModuleManager: Shutting down and abandoning module UndoHistory (161)
[2016.02.25-02.48.43:769][533]LogModuleManager: Shutting down and abandoning module GameplayTagsEditor (160)
[2016.02.25-02.48.43:769][533]LogModuleManager: Shutting down and abandoning module UserFeedback (159)
[2016.02.25-02.48.43:769][533]LogModuleManager: Shutting down and abandoning module XmlParser (158)
[2016.02.25-02.48.43:769][533]LogModuleManager: Shutting down and abandoning module Blutility (157)
[2016.02.25-02.48.43:769][533]LogModuleManager: Shutting down and abandoning module ProjectTargetPlatformEditor (156)
[2016.02.25-02.48.43:769][533]LogModuleManager: Shutting down and abandoning module ProjectSettingsViewer (155)
[2016.02.25-02.48.43:769][533]LogModuleManager: Shutting down and abandoning module InputBindingEditor (154)
[2016.02.25-02.48.43:769][533]LogModuleManager: Shutting down and abandoning module EditorSettingsViewer (153)
[2016.02.25-02.48.43:769][533]LogModuleManager: Shutting down and abandoning module SettingsEditor (152)
[2016.02.25-02.48.43:769][533]LogModuleManager: Shutting down and abandoning module ProjectLauncher (151)
[2016.02.25-02.48.43:769][533]LogModuleManager: Shutting down and abandoning module SessionFrontend (150)
[2016.02.25-02.48.43:769][533]LogModuleManager: Shutting down and abandoning module ProfilerClient (149)
[2016.02.25-02.48.43:769][533]LogModuleManager: Shutting down and abandoning module TargetDeviceServices (148)
[2016.02.25-02.48.43:769][533]LogModuleManager: Shutting down and abandoning module DeviceManager (147)
[2016.02.25-02.48.43:770][533]LogModuleManager: Shutting down and abandoning module AutomationController (146)
[2016.02.25-02.48.43:770][533]LogModuleManager: Shutting down and abandoning module AutomationWindow (145)
[2016.02.25-02.48.43:770][533]LogModuleManager: Shutting down and abandoning module Layers (144)
[2016.02.25-02.48.43:770][533]LogModuleManager: Shutting down and abandoning module ComponentVisualizers (143)
[2016.02.25-02.48.43:770][533]LogModuleManager: Shutting down and abandoning module DetailCustomizations (142)
[2016.02.25-02.48.43:770][533]LogModuleManager: Shutting down and abandoning module PackagesDialog (141)
[2016.02.25-02.48.43:770][533]LogModuleManager: Shutting down and abandoning module Persona (140)
[2016.02.25-02.48.43:770][533]LogModuleManager: Shutting down and abandoning module Kismet (139)
[2016.02.25-02.48.43:770][533]LogModuleManager: Shutting down and abandoning module GraphEditor (138)
[2016.02.25-02.48.43:770][533]LogModuleManager: Shutting down and abandoning module ClassViewer (137)
[2016.02.25-02.48.43:771][533]LogModuleManager: Shutting down and abandoning module Toolbox (136)
[2016.02.25-02.48.43:771][533]LogModuleManager: Shutting down and abandoning module ModuleUI (135)
[2016.02.25-02.48.43:771][533]LogModuleManager: Shutting down and abandoning module MovieSceneTools (134)
[2016.02.25-02.48.43:771][533]LogModuleManager: Shutting down and abandoning module OutputLog (133)
[2016.02.25-02.48.43:771][533]LogModuleManager: Shutting down and abandoning module GammaUI (132)
[2016.02.25-02.48.43:771][533]LogModuleManager: Shutting down and abandoning module Documentation (131)
[2016.02.25-02.48.43:771][533]LogModuleManager: Shutting down and abandoning module GameLiveStreaming (130)
[2016.02.25-02.48.43:771][533]LogModuleManager: Shutting down and abandoning module StreamingPauseRendering (129)
[2016.02.25-02.48.43:771][533]LogModuleManager: Shutting down and abandoning module AnalyticsET (128)
[2016.02.25-02.48.43:771][533]LogModuleManager: Shutting down and abandoning module Analytics (127)
[2016.02.25-02.48.43:771][533]LogModuleManager: Shutting down and abandoning module AITestSuite (126)
[2016.02.25-02.48.43:771][533]LogModuleManager: Shutting down and abandoning module GameplayDebugger (125)
[2016.02.25-02.48.43:771][533]LogModuleManager: Shutting down and abandoning module AIModule (124)
[2016.02.25-02.48.43:771][533]LogModuleManager: Shutting down and abandoning module ProfilerService (123)
[2016.02.25-02.48.43:887][533]LogModuleManager: Shutting down and abandoning module TaskGraph (122)
[2016.02.25-02.48.43:887][533]LogModuleManager: Shutting down and abandoning module SlateRemote (121)
[2016.02.25-02.48.43:887][533]LogModuleManager: Shutting down and abandoning module SteamVRController (120)
[2016.02.25-02.48.43:887][533]LogModuleManager: Shutting down and abandoning module SteamVR (119)
[2016.02.25-02.48.43:887][533]LogModuleManager: Shutting down and abandoning module ProceduralMeshComponent (118)
[2016.02.25-02.48.43:887][533]LogModuleManager: Shutting down and abandoning module OculusLibrary (117)
[2016.02.25-02.48.43:887][533]LogModuleManager: Shutting down and abandoning module OculusInput (116)
[2016.02.25-02.48.43:887][533]LogModuleManager: Shutting down and abandoning module LeapMotionController (115)
[2016.02.25-02.48.43:905][533]LogModuleManager: Shutting down and abandoning module CustomMeshComponent (114)
[2016.02.25-02.48.43:905][533]LogModuleManager: Shutting down and abandoning module CableComponent (113)
[2016.02.25-02.48.43:905][533]LogModuleManager: Shutting down and abandoning module ArchVisCharacter (112)
[2016.02.25-02.48.43:905][533]LogModuleManager: Shutting down and abandoning module MessagingDebugger (111)
[2016.02.25-02.48.43:905][533]LogModuleManager: Shutting down and abandoning module MediaPlayerEditor (110)
[2016.02.25-02.48.43:905][533]LogModuleManager: Shutting down and abandoning module HTML5Networking (109)
[2016.02.25-02.48.43:905][533]LogModuleManager: Shutting down and abandoning module SpeedTreeImporter (108)
[2016.02.25-02.48.43:905][533]LogModuleManager: Shutting down and abandoning module PluginBrowser (107)
[2016.02.25-02.48.43:906][533]LogModuleManager: Shutting down and abandoning module EpicSurvey (106)
[2016.02.25-02.48.43:906][533]LogModuleManager: Shutting down and abandoning module DesktopPlatform (105)
[2016.02.25-02.48.43:906][533]LogModuleManager: Shutting down and abandoning module VisualStudioSourceCodeAccess (104)
[2016.02.25-02.48.43:906][533]LogModuleManager: Shutting down and abandoning module UObjectPlugin (103)
[2016.02.25-02.48.43:906][533]LogModuleManager: Shutting down and abandoning module SubversionSourceControl (102)
[2016.02.25-02.48.43:906][533]LogModuleManager: Shutting down and abandoning module PerforceSourceControl (101)
[2016.02.25-02.48.43:906][533]LogModuleManager: Shutting down and abandoning module SourceControl (100)
[2016.02.25-02.48.43:906][533]LogModuleManager: Shutting down and abandoning module GitSourceControl (99)
[2016.02.25-02.48.43:906][533]LogModuleManager: Shutting down and abandoning module LightPropagationVolumeEditor (98)
[2016.02.25-02.48.43:906][533]LogModuleManager: Shutting down and abandoning module PaperTiledImporter (97)
[2016.02.25-02.48.43:906][533]LogModuleManager: Shutting down and abandoning module PaperSpriteSheetImporter (96)
[2016.02.25-02.48.43:906][533]LogModuleManager: Shutting down and abandoning module MeshPaint (95)
[2016.02.25-02.48.43:906][533]LogModuleManager: Shutting down and abandoning module SlateReflector (94)
[2016.02.25-02.48.43:906][533]LogModuleManager: Shutting down and abandoning module HotReload (93)
[2016.02.25-02.48.43:906][533]LogModuleManager: Shutting down and abandoning module MainFrame (92)
[2016.02.25-02.48.43:906][533]LogModuleManager: Shutting down and abandoning module LevelEditor (91)
[2016.02.25-02.48.43:907][533]LogModuleManager: Shutting down and abandoning module DirectoryWatcher (90)
[2016.02.25-02.48.43:908][533]LogModuleManager: Shutting down and abandoning module AssetRegistry (89)
[2016.02.25-02.48.43:972][533]LogModuleManager: Shutting down and abandoning module ContentBrowser (88)
[2016.02.25-02.48.43:973][533]LogModuleManager: Shutting down and abandoning module Paper2DEditor (87)
[2016.02.25-02.48.43:973][533]LogModuleManager: Shutting down and abandoning module UdpMessaging (86)
[2016.02.25-02.48.44:073][533]LogModuleManager: Shutting down and abandoning module LightPropagationVolumeRuntime (85)
[2016.02.25-02.48.44:073][533]LogModuleManager: Shutting down and abandoning module Paper2D (84)
[2016.02.25-02.48.44:073][533]LogModuleManager: Shutting down and abandoning module WindowsMoviePlayer (83)
[2016.02.25-02.48.44:078][533]LogModuleManager: Shutting down and abandoning module Media (82)
[2016.02.25-02.48.44:078][533]LogModuleManager: Shutting down and abandoning module WmfMedia (81)
[2016.02.25-02.48.44:079][533]LogModuleManager: Shutting down and abandoning module OnlineBlueprintSupport (80)
[2016.02.25-02.48.44:079][533]LogModuleManager: Shutting down and abandoning module GameplayTasksEditor (79)
[2016.02.25-02.48.44:079][533]LogModuleManager: Shutting down and abandoning module PropertyEditor (78)
[2016.02.25-02.48.44:079][533]LogModuleManager: Shutting down and abandoning module BehaviorTreeEditor (77)
[2016.02.25-02.48.44:079][533]LogModuleManager: Shutting down and abandoning module FunctionalTesting (76)
[2016.02.25-02.48.44:079][533]LogModuleManager: Shutting down and abandoning module CollisionAnalyzer (75)
[2016.02.25-02.48.44:079][533]LogModuleManager: Shutting down and abandoning module WorkspaceMenuStructure (74)
[2016.02.25-02.48.44:079][533]LogModuleManager: Shutting down and abandoning module MessageLog (73)
[2016.02.25-02.48.44:079][533]LogModuleManager: Shutting down and abandoning module Sequencer (72)
[2016.02.25-02.48.44:079][533]LogModuleManager: Shutting down and abandoning module AssetTools (71)
[2016.02.25-02.48.44:079][533]LogModuleManager: Shutting down and abandoning module UMGEditor (70)
[2016.02.25-02.48.44:079][533]LogModuleManager: Shutting down and abandoning module UMG (69)
[2016.02.25-02.48.44:079][533]LogModuleManager: Shutting down and abandoning module Slate (68)
[2016.02.25-02.48.44:079][533]LogModuleManager: Shutting down and abandoning module EditorStyle (67)
[2016.02.25-02.48.44:083][533]LogModuleManager: Shutting down and abandoning module SessionServices (66)
[2016.02.25-02.48.44:084][533]LogModuleManager: Shutting down and abandoning module SourceCodeAccess (65)
[2016.02.25-02.48.44:084][533]LogModuleManager: Shutting down and abandoning module HeadMountedDisplay (64)
[2016.02.25-02.48.44:084][533]LogModuleManager: Shutting down and abandoning module XAudio2 (63)
[2016.02.25-02.48.44:084][533]LogModuleManager: Shutting down and abandoning module Networking (61)
[2016.02.25-02.48.44:084][533]LogModuleManager: Shutting down and abandoning module Core (60)
[2016.02.25-02.48.44:084][533]LogModuleManager: Shutting down and abandoning module KismetCompiler (59)
[2016.02.25-02.48.44:084][533]LogModuleManager: Shutting down and abandoning module PhysXFormats (58)
[2016.02.25-02.48.44:084][533]LogModuleManager: Shutting down and abandoning module MeshUtilities (57)
[2016.02.25-02.48.44:084][533]LogModuleManager: Shutting down and abandoning module DerivedDataCache (56)
[2016.02.25-02.48.44:132][533]LogDerivedDataCache: Shutdown
[2016.02.25-02.48.44:132][533]LogModuleManager: Shutting down and abandoning module ShaderFormatOpenGL (55)
[2016.02.25-02.48.44:132][533]LogModuleManager: Shutting down and abandoning module ShaderFormatD3D (54)
[2016.02.25-02.48.44:132][533]LogModuleManager: Shutting down and abandoning module MetalShaderFormat (53)
[2016.02.25-02.48.44:132][533]LogModuleManager: Shutting down and abandoning module TextureFormatUncompressed (52)
[2016.02.25-02.48.44:132][533]LogModuleManager: Shutting down and abandoning module TextureFormatPVR (51)
[2016.02.25-02.48.44:132][533]LogModuleManager: Shutting down and abandoning module TextureFormatIntelISPCTexComp (50)
[2016.02.25-02.48.44:132][533]LogModuleManager: Shutting down and abandoning module TextureFormatDXT (49)
[2016.02.25-02.48.44:132][533]LogModuleManager: Shutting down and abandoning module ImageWrapper (48)
[2016.02.25-02.48.44:132][533]LogModuleManager: Shutting down and abandoning module TextureFormatASTC (47)
[2016.02.25-02.48.44:132][533]LogModuleManager: Shutting down and abandoning module TextureFormatAndroid (46)
[2016.02.25-02.48.44:132][533]LogModuleManager: Shutting down and abandoning module AudioFormatOpus (45)
[2016.02.25-02.48.44:132][533]LogModuleManager: Shutting down and abandoning module AudioFormatOgg (44)
[2016.02.25-02.48.44:132][533]LogModuleManager: Shutting down and abandoning module AudioFormatADPCM (43)
[2016.02.25-02.48.44:132][533]LogModuleManager: Shutting down and abandoning module LinuxTargetPlatform (42)
[2016.02.25-02.48.44:132][533]LogModuleManager: Shutting down and abandoning module LinuxServerTargetPlatform (41)
[2016.02.25-02.48.44:132][533]LogModuleManager: Shutting down and abandoning module LinuxNoEditorTargetPlatform (40)
[2016.02.25-02.48.44:132][533]LogModuleManager: Shutting down and abandoning module Messaging (39)
[2016.02.25-02.48.44:132][533]LogModuleManager: Shutting down and abandoning module IOSTargetPlatform (38)
[2016.02.25-02.48.44:132][533]LogModuleManager: Shutting down and abandoning module HTML5TargetPlatform (37)
[2016.02.25-02.48.44:132][533]LogModuleManager: Shutting down and abandoning module Android_PVRTCTargetPlatform (36)
[2016.02.25-02.48.44:132][533]LogModuleManager: Shutting down and abandoning module Android_MultiTargetPlatform (35)
[2016.02.25-02.48.44:132][533]LogModuleManager: Shutting down and abandoning module Android_ETC2TargetPlatform (34)
[2016.02.25-02.48.44:132][533]LogModuleManager: Shutting down and abandoning module Android_ETC1TargetPlatform (33)
[2016.02.25-02.48.44:132][533]LogModuleManager: Shutting down and abandoning module Android_DXTTargetPlatform (32)
[2016.02.25-02.48.44:132][533]LogModuleManager: Shutting down and abandoning module Android_ATCTargetPlatform (31)
[2016.02.25-02.48.44:132][533]LogModuleManager: Shutting down and abandoning module Android_ASTCTargetPlatform (30)
[2016.02.25-02.48.44:132][533]LogModuleManager: Shutting down and abandoning module AndroidTargetPlatform (29)
[2016.02.25-02.48.44:132][533]LogModuleManager: Shutting down and abandoning module WindowsTargetPlatform (28)
[2016.02.25-02.48.44:132][533]LogModuleManager: Shutting down and abandoning module WindowsServerTargetPlatform (27)
[2016.02.25-02.48.44:132][533]LogModuleManager: Shutting down and abandoning module WindowsNoEditorTargetPlatform (26)
[2016.02.25-02.48.44:132][533]LogModuleManager: Shutting down and abandoning module WindowsClientTargetPlatform (25)
[2016.02.25-02.48.44:132][533]LogModuleManager: Shutting down and abandoning module AllDesktopTargetPlatform (24)
[2016.02.25-02.48.44:132][533]LogModuleManager: Shutting down and abandoning module TargetPlatform (23)
[2016.02.25-02.48.44:132][533]LogModuleManager: Shutting down and abandoning module InputCore (22)
[2016.02.25-02.48.44:132][533]LogModuleManager: Shutting down and abandoning module Settings (21)
[2016.02.25-02.48.44:132][533]LogModuleManager: Shutting down and abandoning module OnlineSubsystem (19)
[2016.02.25-02.48.44:132][533]LogModuleManager: Shutting down and abandoning module HTTP (18)
[2016.02.25-02.48.45:133][533]LogModuleManager: Shutting down and abandoning module XMPP (17)
[2016.02.25-02.48.45:133][533]LogModuleManager: Shutting down and abandoning module OculusRift (16)
[2016.02.25-02.48.45:133][533]LogModuleManager: Shutting down and abandoning module ExampleDeviceProfileSelector (15)
[2016.02.25-02.48.45:133][533]LogModuleManager: Shutting down and abandoning module TextureCompressor (14)
[2016.02.25-02.48.45:133][533]LogModuleManager: Shutting down and abandoning module ShaderCore (13)
[2016.02.25-02.48.45:133][533]LogModuleManager: Shutting down and abandoning module Landscape (12)
[2016.02.25-02.48.45:133][533]LogModuleManager: Shutting down and abandoning module SlateRHIRenderer (11)
[2016.02.25-02.48.45:136][533]LogModuleManager: Shutting down and abandoning module OpenGLDrv (10)
[2016.02.25-02.48.45:136][533]LogModuleManager: Shutting down and abandoning module D3D11RHI (9)
[2016.02.25-02.48.45:136][533]LogModuleManager: Shutting down and abandoning module AnimGraphRuntime (8)
[2016.02.25-02.48.45:136][533]LogModuleManager: Shutting down and abandoning module Renderer (7)
[2016.02.25-02.48.45:136][533]LogModuleManager: Shutting down and abandoning module Engine (6)
[2016.02.25-02.48.45:136][533]LogModuleManager: Shutting down and abandoning module CoreUObject (5)
[2016.02.25-02.48.45:136][533]LogModuleManager: Shutting down and abandoning module NetworkFile (4)
[2016.02.25-02.48.45:136][533]LogModuleManager: Shutting down and abandoning module StreamingFile (3)
[2016.02.25-02.48.45:136][533]LogModuleManager: Shutting down and abandoning module SandboxFile (2)
[2016.02.25-02.48.45:136][533]LogModuleManager: Shutting down and abandoning module PakFile (1)
[2016.02.25-02.48.45:138][533]LogExit: Exiting.
[2016.02.25-02.48.45:160][533]Log file closed, 02/25/16 13:48:45
